            --------------------------------------------------------
                             AMBER SQM VERSION 1.4
 
                                     By
              Ross C. Walker, Michael F. Crowley, Scott Brozell,
                Tim Giese, Andreas W. Goetz and David A. Case
 
            --------------------------------------------------------
 

--------------------------------------------------------------------------------
  QM CALCULATION INFO
--------------------------------------------------------------------------------

| QMMM: Citation for AMBER QMMM Run:
| QMMM: R.C. Walker, M.F. Crowley and D.A. Case, J. COMP. CHEM. 29:1019, 2008

QMMM: SINGLET STATE CALCULATION
QMMM: RHF CALCULATION, NO. OF DOUBLY OCCUPIED LEVELS = 76

| QMMM: *** Selected Hamiltonian *** 
| QMMM: AM1         

| QMMM: *** Parameter sets in use ***
| QMMM: C : M.J.S.DEWAR et al. JACS, 107, 3902, (1985)
| QMMM: N : M.J.S.DEWAR et al. JACS, 107, 3902, (1985)
| QMMM: O : M.J.S.DEWAR et al. JACS, 107, 3902, (1985)
| QMMM: Br: M.J.S.DEWAR et al. THEOCHEM, 180, 1, (1988)
| QMMM: H : M.J.S.DEWAR et al. JACS, 107, 3902, (1985)

| QMMM: *** SCF convergence criteria ***
| QMMM: Energy change                :  0.1D-09 kcal/mol
| QMMM: Error matrix |FP-PF|         :  0.1D+00 au
| QMMM: Density matrix change        :  0.1D-09
| QMMM: Maximum number of SCF cycles :     1000

| QMMM: *** Diagonalization Routine Information ***
| QMMM: Pseudo diagonalizations are allowed.
| QMMM: Auto diagonalization routine selection is disabled.
| QMMM: Using internal diagonalization routine (diag_routine=1).

  QMMM: QM Region Cartesian Coordinates (*=link atom) 
  QMMM: QM_NO.   MM_NO.  ATOM         X         Y         Z
  QMMM:     1        1      C       10.0160  -15.8340   25.9040
  QMMM:     2        2      N       11.3370  -16.6150   24.0060
  QMMM:     3        3      O        6.7510  -15.3200   22.7390
  QMMM:     4        4      C        9.4980  -16.6000   27.0400
  QMMM:     5        5      N       13.0110  -16.4650   22.7090
  QMMM:     6        6      C        9.5530  -16.0100   28.3530
  QMMM:     7        7      N       10.8510  -15.3140   21.9490
  QMMM:     8        8      C       10.1260  -14.7080   28.3830
  QMMM:     9        9      N       12.2740  -17.2910   24.6340
  QMMM:    10       10      C       10.6280  -13.9280   27.3240
  QMMM:    11       11      C       10.5760  -14.5140   26.0360
  QMMM:    12       12      C        7.5570  -15.2740   23.9390
  QMMM:    13       13      C       13.3460  -17.1960   23.8070
  QMMM:    14       14      C        9.0140  -15.5700   23.5600
  QMMM:    15       15      C        9.9510  -16.4060   24.5430
  QMMM:    16       16      C       11.7460  -16.0910   22.8150
  QMMM:    17       17      C        9.4760  -15.1150   22.3550
  QMMM:    18       18      C        9.1340  -13.6140   20.3190
  QMMM:    19       19      C        8.1400  -12.9550   19.4880
  QMMM:    20       20      C        6.7380  -13.1050   19.7220
  QMMM:    21       21      C        6.2480  -13.9250   20.8090
  QMMM:    22       22      C        7.2080  -14.5800   21.6480
  QMMM:    23       23      C        8.6210  -14.4320   21.4110
  QMMM:    24       24      C        6.2730  -14.1710   25.6790
  QMMM:    25       25      C        7.3350  -13.9900   24.7200
  QMMM:    26       26      C        8.0400  -12.7240   24.5300
  QMMM:    27       27      C        7.6610  -11.5880   25.3260
  QMMM:    28       28      C        6.5900  -11.7940   26.2730
  QMMM:    29       29      C        5.8780  -13.0410   26.4820
  QMMM:    30       30      Br      10.3610  -13.8190   30.0390
  QMMM:    31       31      Br       6.0780  -10.4650   27.3190
  QMMM:    32       32      H        5.0770  -13.1200   27.2170
  QMMM:    33       33      H        9.0800  -17.5960   26.8950
  QMMM:    34       34      H        9.1870  -16.5170   29.2460
  QMMM:    35       35      H       11.0340  -12.9290   27.4860
  QMMM:    36       36      H       10.9510  -13.9780   25.1640
  QMMM:    37       37      H        7.2500  -16.0490   24.6410
  QMMM:    38       38      H        9.4710  -17.3820   24.6100
  QMMM:    39       39      H       10.2030  -13.5030   20.1360
  QMMM:    40       40      H        8.4740  -12.3280   18.6620
  QMMM:    41       41      H        6.0270  -12.5940   19.0720
  QMMM:    42       42      H        5.1790  -14.0410   20.9850
  QMMM:    43       43      H        5.7820  -15.1370   25.7940
  QMMM:    44       44      H        8.8410  -12.6420   23.7960
  QMMM:    45       45      H        8.1560  -10.6230   25.2200
  QMMM:    46       46      H       14.3160  -17.6330   23.9920
  QMMM:    47       47      H       13.6270  -16.2440   21.9390

--------------------------------------------------------------------------------
  RESULTS
--------------------------------------------------------------------------------

      iter         sqm energy              rms gradient
      ----    -------------------    -----------------------
xmin    10      186.3820 kcal/mol        0.2163 kcal/(mol*A)
xmin    20      185.9029 kcal/mol        0.2836 kcal/(mol*A)
xmin    30      185.8507 kcal/mol        0.0089 kcal/(mol*A)
  ... geometry converged !

 Heat of formation   =        185.85054248 kcal/mol  (        8.05908428 eV)
 Total SCF energy    =    -118596.28794020 kcal/mol  (    -5142.72095487 eV)
 Electronic energy   =    -980657.82815342 kcal/mol  (   -42524.51446830 eV)
 Core-core repulsion =     862061.54021322 kcal/mol  (    37381.79351343 eV)
 
    Atomic Charges for Step       1 :
  Atom    Element       Mulliken Charge
     1      C                 -0.106
     2      N                 -0.192
     3      O                 -0.198
     4      C                 -0.102
     5      N                 -0.246
     6      C                 -0.109
     7      N                 -0.209
     8      C                 -0.155
     9      N                 -0.046
    10      C                 -0.106
    11      C                 -0.105
    12      C                  0.137
    13      C                 -0.083
    14      C                 -0.251
    15      C                  0.135
    16      C                  0.141
    17      C                  0.087
    18      C                 -0.058
    19      C                 -0.171
    20      C                 -0.089
    21      C                 -0.158
    22      C                  0.092
    23      C                 -0.105
    24      C                 -0.110
    25      C                 -0.089
    26      C                 -0.108
    27      C                 -0.107
    28      C                 -0.159
    29      C                 -0.106
    30      Br                 0.056
    31      Br                 0.052
    32      H                  0.147
    33      H                  0.142
    34      H                  0.149
    35      H                  0.149
    36      H                  0.144
    37      H                  0.124
    38      H                  0.127
    39      H                  0.154
    40      H                  0.136
    41      H                  0.136
    42      H                  0.153
    43      H                  0.137
    44      H                  0.147
    45      H                  0.147
    46      H                  0.215
    47      H                  0.261
 Total Mulliken Charge =      -0.000
 
 Final Structure

  QMMM: QM Region Cartesian Coordinates (*=link atom) 
  QMMM: QM_NO.   MM_NO.  ATOM         X         Y         Z
  QMMM:     1        1      C        9.9298  -15.7045   25.8449
  QMMM:     2        2      N       10.8726  -16.9577   23.9072
  QMMM:     3        3      O        6.7176  -15.1404   22.5771
  QMMM:     4        4      C        9.7022  -16.3832   27.0466
  QMMM:     5        5      N       12.8825  -16.5014   22.8837
  QMMM:     6        6      C        9.9754  -15.7667   28.2663
  QMMM:     7        7      N       10.9022  -15.2174   22.1259
  QMMM:     8        8      C       10.4858  -14.4656   28.2926
  QMMM:     9        9      N       11.8314  -17.6426   24.5872
  QMMM:    10       10      C       10.7177  -13.7844   27.0941
  QMMM:    11       11      C       10.4413  -14.4042   25.8768
  QMMM:    12       12      C        7.4705  -15.3058   23.7955
  QMMM:    13       13      C       12.9991  -17.3976   23.9861
  QMMM:    14       14      C        8.9266  -15.5275   23.5436
  QMMM:    15       15      C        9.6565  -16.4067   24.5360
  QMMM:    16       16      C       11.5127  -16.0941   22.9049
  QMMM:    17       17      C        9.5343  -15.0365   22.4163
  QMMM:    18       18      C        9.2430  -13.5628   20.3802
  QMMM:    19       19      C        8.3899  -12.9416   19.4707
  QMMM:    20       20      C        7.0048  -13.0542   19.6074
  QMMM:    21       21      C        6.4550  -13.7752   20.6628
  QMMM:    22       22      C        7.3159  -14.3922   21.5833
  QMMM:    23       23      C        8.7171  -14.3029   21.4452
  QMMM:    24       24      C        6.4049  -14.3634   25.8623
  QMMM:    25       25      C        7.1795  -14.1508   24.7170
  QMMM:    26       26      C        7.6402  -12.8613   24.4332
  QMMM:    27       27      C        7.3377  -11.7989   25.2820
  QMMM:    28       28      C        6.5703  -12.0194   26.4295
  QMMM:    29       29      C        6.1045  -13.3051   26.7181
  QMMM:    30       30      Br      10.8585  -13.6372   29.9300
  QMMM:    31       31      Br       6.1654  -10.5948   27.5757
  QMMM:    32       32      H        5.4975  -13.4905   27.6180
  QMMM:    33       33      H        9.3129  -17.4131   27.0341
  QMMM:    34       34      H        9.7893  -16.3130   29.2042
  QMMM:    35       35      H       11.1146  -12.7572   27.1026
  QMMM:    36       36      H       10.6103  -13.8591   24.9346
  QMMM:    37       37      H        7.0097  -16.2514   24.2180
  QMMM:    38       38      H        9.0090  -17.3165   24.7458
  QMMM:    39       39      H       10.3334  -13.4746   20.2544
  QMMM:    40       40      H        8.8117  -12.3628   18.6362
  QMMM:    41       41      H        6.3397  -12.5660   18.8791
  QMMM:    42       42      H        5.3676  -13.8733   20.7868
  QMMM:    43       43      H        6.0247  -15.3702   26.0936
  QMMM:    44       44      H        8.2421  -12.6886   23.5263
  QMMM:    45       45      H        7.7055  -10.7895   25.0405
  QMMM:    46       46      H       13.9549  -17.8723   24.2406
  QMMM:    47       47      H       13.6032  -15.8759   22.6191

           --------- Calculation Completed ----------

