Building from file nut.mol2 ...
>> antechamber -i nut.mol2 -fi mol2 -o nut.preedit.mol2 -fo mol2 -at gaff -nc 0 -j 5 -c bcc


Total number of electrons: 304; net charge: 0

Running: /home/tud67309/local/amber11/bin/sqm -O -i sqm.in -o sqm.out


net charge after zeroing capped residues:-0.003000
included_indices [0, 1, 2, 3, 4, 5, 6, 7, 8, 9, 10, 11, 12, 13, 14, 15, 16, 17, 18, 19, 20, 21, 22, 23, 24, 25, 26, 27, 28, 29, 30, 31, 32, 33, 34, 35, 36, 37, 38, 39, 40, 41, 42, 43, 44, 45, 46, 47, 48, 49, 50, 51, 52, 53, 54, 55, 56, 57, 58, 59, 60, 61, 62, 63, 64, 65, 66, 67, 68, 69]
excluded_indices []
total_included_charge -0.003
net charge after shifting to net charge:-0.000000
Writing to nut.edited.mol2
...Done.
*** Make sure the @<TRIPOS>MOLECULE header is correct -- MUST CHANGE THIS BY HAND!! ****    
@<TRIPOS>MOLECULE
nut.pdb
   70    74     1     0     0
SMALL
bcc
@<TRIPOS>ATOM
      1 O3         33.2820   24.0060   23.0650 o         1 NUT     -0.595057 
      2 C25        33.3440   23.5280   24.1730 c         1 NUT      0.765143 
      3 N2         33.1060   24.2790   25.2780 n         1 NUT     -0.425757 
      4 C29        32.4200   25.5800   25.1320 c3        1 NUT      0.004043 
      5 C28        33.3800   26.7220   25.3840 c         1 NUT      0.674543 
      6 O2         33.5150   27.6680   24.6380 o         1 NUT     -0.634457 
      7 N3         34.1550   26.5850   26.4730 n         1 NUT     -0.575857 
      8 C27        34.0300   25.4190   27.3510 c3        1 NUT      0.070043 
      9 C26        33.9210   24.1400   26.5140 c3        1 NUT      0.071043 
     10 N1         33.7390   22.2470   24.3610 n         1 NUT     -0.416257 
     11 C10        33.5360   21.3940   25.4550 ce        1 NUT      0.515543 
     12 C9         32.3980   21.5180   26.4290 ca        1 NUT     -0.192857 
     13 C3         32.6320   21.2600   27.7830 ca        1 NUT     -0.038957 
     14 C2         31.6560   21.5240   28.7250 ca        1 NUT     -0.241957 
     15 C5         31.1420   22.0350   26.0630 ca        1 NUT      0.212143 
     16 O1         30.8540   22.2600   24.7410 os        1 NUT     -0.327857 
     17 C6         29.6030   22.8350   24.3550 c3        1 NUT      0.142143 
     18 C8         29.7530   23.5630   23.0370 c3        1 NUT     -0.110057 
     19 C7         28.5430   21.7290   24.2740 c3        1 NUT     -0.117057 
     20 C4         30.1640   22.2860   27.0240 ca        1 NUT     -0.229957 
     21 C1         30.4120   22.0190   28.3440 ca        1 NUT      0.175143 
     22 O          29.4070   22.2220   29.2490 os        1 NUT     -0.323857 
     23 C          29.6850   21.8470   30.6030 c3        1 NUT      0.112743 
     24 C18        34.6700   21.5960   23.4590 c3        1 NUT      0.106043 
     25 C19        33.9620   20.9350   22.2840 ca        1 NUT     -0.105257 
     26 C24        32.6010   20.6340   22.3680 ca        1 NUT     -0.097957 
     27 C23        31.9540   19.9680   21.3440 ca        1 NUT     -0.119957 
     28 C22        32.6770   19.5860   20.2190 ca        1 NUT      0.026443 
     29 CL1        31.8880   18.6940   18.9720 cl        1 NUT     -0.090357 
     30 C21        34.0280   19.9100   20.0990 ca        1 NUT     -0.127957 
     31 C20        34.6720   20.5870   21.1320 ca        1 NUT     -0.107957 
     32 C11        35.3550   20.5870   24.4280 c3        1 NUT      0.149843 
     33 N          34.4130   20.4580   25.5830 n2        1 NUT     -0.571857 
     34 C12        35.7470   19.2630   23.7980 ca        1 NUT     -0.071257 
     35 C17        37.0810   19.0470   23.4500 ca        1 NUT     -0.112957 
     36 C16        37.4540   17.8610   22.8290 ca        1 NUT     -0.126957 
     37 C15        36.4890   16.8990   22.5430 ca        1 NUT      0.023443 
     38 CL         36.9420   15.4710   21.6870 cl        1 NUT     -0.096357 
     39 C14        35.1620   17.0860   22.9270 ca        1 NUT     -0.128957 
     40 C13        34.7930   18.2690   23.5600 ca        1 NUT     -0.092957 
     41 H292       31.9870   25.6940   24.1390 h1        1 NUT      0.086743 
     42 H293       31.6270   25.6560   25.8820 h1        1 NUT      0.124743 
     43 HN3        34.8500   27.2850   26.6630 hn        1 NUT      0.324543 
     44 H272       34.8880   25.3430   28.0210 h1        1 NUT      0.052743 
     45 H273       33.1170   25.5200   27.9490 h1        1 NUT      0.038743 
     46 H262       34.9220   23.7930   26.2410 h1        1 NUT      0.063743 
     47 H263       33.4910   23.4090   27.1770 h1        1 NUT      0.080743 
     48 H3         33.6090   20.9330   28.1340 ha        1 NUT      0.138043 
     49 H2         31.8830   21.3210   29.7630 ha        1 NUT      0.141043 
     50 H6         29.3330   23.5940   25.0850 h1        1 NUT      0.060743 
     51 H81        30.5210   24.3310   23.1300 hc        1 NUT      0.066743 
     52 H82        28.8000   24.0410   22.8070 hc        1 NUT      0.043743 
     53 H83        30.0200   22.8640   22.2470 hc        1 NUT      0.042743 
     54 H71        28.4580   21.1860   25.2190 hc        1 NUT      0.043743 
     55 H72        27.5790   22.1830   24.0490 hc        1 NUT      0.044743 
     56 H73        28.8010   21.0180   23.4880 hc        1 NUT      0.053743 
     57 H4         29.1740   22.6600   26.7830 ha        1 NUT      0.161043 
     58 H1         28.8200   22.0200   31.2300 h1        1 NUT      0.069743 
     59 H5         30.5350   22.4500   30.9420 h1        1 NUT      0.035743 
     60 H7         29.9640   20.7860   30.6070 h1        1 NUT      0.035743 
     61 H18        35.3930   22.3340   23.0990 h1        1 NUT      0.066743 
     62 H24        32.0320   20.9080   23.2430 ha        1 NUT      0.159043 
     63 H23        30.8930   19.7490   21.4360 ha        1 NUT      0.152043 
     64 H21        34.5790   19.6330   19.2030 ha        1 NUT      0.148043 
     65 H20        35.7310   20.8260   21.0450 ha        1 NUT      0.132043 
     66 H11        36.2610   21.0630   24.8080 h1        1 NUT      0.080743 
     67 H17        37.8330   19.8030   23.6640 ha        1 NUT      0.132043 
     68 H16        38.4970   17.6920   22.5660 ha        1 NUT      0.146043 
     69 H14        34.4150   16.3180   22.7300 ha        1 NUT      0.147043 
     70 H13        33.7550   18.4310   23.8480 ha        1 NUT      0.159043 
@<TRIPOS>BOND
     1    1    2 2   
     2    2    3 1   
     3    2   10 1   
     4    3    4 1   
     5    3    9 1   
     6    4    5 1   
     7    4   41 1   
     8    4   42 1   
     9    5    6 2   
    10    5    7 1   
    11    7    8 1   
    12    7   43 1   
    13    8    9 1   
    14    8   44 1   
    15    8   45 1   
    16    9   46 1   
    17    9   47 1   
    18   10   11 1   
    19   10   24 1   
    20   11   12 1   
    21   11   33 2   
    22   12   13 ar  
    23   12   15 ar  
    24   13   14 ar  
    25   13   48 1   
    26   14   21 ar  
    27   14   49 1   
    28   15   16 1   
    29   15   20 ar  
    30   16   17 1   
    31   17   18 1   
    32   17   19 1   
    33   17   50 1   
    34   18   51 1   
    35   18   52 1   
    36   18   53 1   
    37   19   54 1   
    38   19   55 1   
    39   19   56 1   
    40   20   21 ar  
    41   20   57 1   
    42   21   22 1   
    43   22   23 1   
    44   23   58 1   
    45   23   59 1   
    46   23   60 1   
    47   24   25 1   
    48   24   32 1   
    49   24   61 1   
    50   25   26 ar  
    51   25   31 ar  
    52   26   27 ar  
    53   26   62 1   
    54   27   28 ar  
    55   27   63 1   
    56   28   29 1   
    57   28   30 ar  
    58   30   31 ar  
    59   30   64 1   
    60   31   65 1   
    61   32   33 1   
    62   32   34 1   
    63   32   66 1   
    64   34   35 ar  
    65   34   40 ar  
    66   35   36 ar  
    67   35   67 1   
    68   36   37 ar  
    69   36   68 1   
    70   37   38 1   
    71   37   39 ar  
    72   39   40 ar  
    73   39   69 1   
    74   40   70 1   
@<TRIPOS>SUBSTRUCTURE
     1 NUT         1 TEMP              0 ****  ****    0 ROOT

>> parmchk -i nut.edited.mol2 -f mol2 -o nut.edited.mol2.frcmod -p $AMBERHOME/dat/leap/parm/gaff.dat
### THE leapscript ###
modsnut = loadAmberParams nut.edited.mol2.frcmod
modsDLM = loadAmberParams dlm_edit.frcmod
source leaprc.ff99SB

nut = loadMol2 nut.edited.mol2

# Delete N-terminal acetyl and C-terminal dimethyl amine group

# Should still be net neutral -- all removed atoms shoulve have had charge 0.0

set nut name "nut"
set nut.1 name "nut"

savepdb nut nut.pdb


# Make a list of info needed for the library
# This is necessary in order to make sure the parameter modifications are stored to the off file.
myresidue = { nut modsnut modsDLM }
saveoff myresidue nut.off

quit

### -------------- ###
-I: Adding /home/tud67309/local/amber11/dat/leap/prep to search path.
-I: Adding /home/tud67309/local/amber11/dat/leap/lib to search path.
-I: Adding /home/tud67309/local/amber11/dat/leap/parm to search path.
-I: Adding /home/tud67309/local/amber11/dat/leap/cmd to search path.
-f: Source /local_scratch/tmp/689902.owlsnest1.nfs/tmpXnuB6w.

Welcome to LEaP!
(no leaprc in search path)
Sourcing: /local_scratch/tmp/689902.owlsnest1.nfs/tmpXnuB6w
Loading parameters: ./nut.edited.mol2.frcmod
Reading force field modification type file (frcmod)
Reading title:
remark goes here
Loading parameters: ./dlm_edit.frcmod
Reading force field modification type file (frcmod)
Reading title:
remark goes here - Originally created by DLM, VAV edited to mix-n-match AMBER (uppercase) and GAFF (lowercase) atomtypes
No mass defined for non-bond atom type: CA - skipping
No mass defined for non-bond atom type: C - skipping
No mass defined for non-bond atom type: CT - skipping
No mass defined for non-bond atom type: O - skipping
No mass defined for non-bond atom type: HA - skipping
No mass defined for non-bond atom type: HC - skipping
----- Source: /home/tud67309/local/amber11/dat/leap/cmd/leaprc.ff99SB
----- Source of /home/tud67309/local/amber11/dat/leap/cmd/leaprc.ff99SB done
Log file: ./leap.log
Loading parameters: /home/tud67309/local/amber11/dat/leap/parm/parm99.dat
Reading title:
PARM99 for DNA,RNA,AA, organic molecules, TIP3P wat. Polariz.& LP incl.02/04/99
Loading parameters: /home/tud67309/local/amber11/dat/leap/parm/frcmod.ff99SB
Reading force field modification type file (frcmod)
Reading title:
Modification/update of parm99.dat (Hornak & Simmerling)
Loading library: /home/tud67309/local/amber11/dat/leap/lib/all_nucleic94.lib
Loading library: /home/tud67309/local/amber11/dat/leap/lib/all_amino94.lib
Loading library: /home/tud67309/local/amber11/dat/leap/lib/all_aminoct94.lib
Loading library: /home/tud67309/local/amber11/dat/leap/lib/all_aminont94.lib
Loading library: /home/tud67309/local/amber11/dat/leap/lib/ions94.lib
Loading library: /home/tud67309/local/amber11/dat/leap/lib/solvents.lib
Loading Mol2 file: ./nut.edited.mol2
Reading MOLECULE named nut.pdb
Writing pdb file: nut.pdb
 Creating nut.off
Building topology.
Building atom parameters.
	Quit
