            --------------------------------------------------------
                             AMBER SQM VERSION 1.4
 
                                     By
              Ross C. Walker, Michael F. Crowley, Scott Brozell,
                Tim Giese, Andreas W. Goetz and David A. Case
 
            --------------------------------------------------------
 

--------------------------------------------------------------------------------
  QM CALCULATION INFO
--------------------------------------------------------------------------------

| QMMM: Citation for AMBER QMMM Run:
| QMMM: R.C. Walker, M.F. Crowley and D.A. Case, J. COMP. CHEM. 29:1019, 2008

QMMM: SINGLET STATE CALCULATION
QMMM: RHF CALCULATION, NO. OF DOUBLY OCCUPIED LEVELS =104

| QMMM: *** Selected Hamiltonian *** 
| QMMM: AM1         

| QMMM: *** Parameter sets in use ***
| QMMM: O : M.J.S.DEWAR et al. JACS, 107, 3902, (1985)
| QMMM: C : M.J.S.DEWAR et al. JACS, 107, 3902, (1985)
| QMMM: N : M.J.S.DEWAR et al. JACS, 107, 3902, (1985)
| QMMM: Cl: M.J.S.DEWAR et al. THEOCHEM, 180, 1, (1988)
| QMMM: H : M.J.S.DEWAR et al. JACS, 107, 3902, (1985)

| QMMM: *** SCF convergence criteria ***
| QMMM: Energy change                :  0.1D-09 kcal/mol
| QMMM: Error matrix |FP-PF|         :  0.1D+00 au
| QMMM: Density matrix change        :  0.1D-09
| QMMM: Maximum number of SCF cycles :     1000

| QMMM: *** Diagonalization Routine Information ***
| QMMM: Pseudo diagonalizations are allowed.
| QMMM: Auto diagonalization routine selection is disabled.
| QMMM: Using internal diagonalization routine (diag_routine=1).

  QMMM: QM Region Cartesian Coordinates (*=link atom) 
  QMMM: QM_NO.   MM_NO.  ATOM         X         Y         Z
  QMMM:     1        1      O       33.2820   24.0060   23.0650
  QMMM:     2        2      C       33.3440   23.5280   24.1730
  QMMM:     3        3      N       33.1060   24.2790   25.2780
  QMMM:     4        4      C       32.4200   25.5800   25.1320
  QMMM:     5        5      C       33.3800   26.7220   25.3840
  QMMM:     6        6      O       33.5150   27.6680   24.6380
  QMMM:     7        7      N       34.1550   26.5850   26.4730
  QMMM:     8        8      C       34.0300   25.4190   27.3510
  QMMM:     9        9      C       33.9210   24.1400   26.5140
  QMMM:    10       10      N       33.7390   22.2470   24.3610
  QMMM:    11       11      C       33.5360   21.3940   25.4550
  QMMM:    12       12      C       32.3980   21.5180   26.4290
  QMMM:    13       13      C       32.6320   21.2600   27.7830
  QMMM:    14       14      C       31.6560   21.5240   28.7250
  QMMM:    15       15      C       31.1420   22.0350   26.0630
  QMMM:    16       16      O       30.8540   22.2600   24.7410
  QMMM:    17       17      C       29.6030   22.8350   24.3550
  QMMM:    18       18      C       29.7530   23.5630   23.0370
  QMMM:    19       19      C       28.5430   21.7290   24.2740
  QMMM:    20       20      C       30.1640   22.2860   27.0240
  QMMM:    21       21      C       30.4120   22.0190   28.3440
  QMMM:    22       22      O       29.4070   22.2220   29.2490
  QMMM:    23       23      C       29.6850   21.8470   30.6030
  QMMM:    24       24      C       34.6700   21.5960   23.4590
  QMMM:    25       25      C       33.9620   20.9350   22.2840
  QMMM:    26       26      C       32.6010   20.6340   22.3680
  QMMM:    27       27      C       31.9540   19.9680   21.3440
  QMMM:    28       28      C       32.6770   19.5860   20.2190
  QMMM:    29       29      Cl      31.8880   18.6940   18.9720
  QMMM:    30       30      C       34.0280   19.9100   20.0990
  QMMM:    31       31      C       34.6720   20.5870   21.1320
  QMMM:    32       32      C       35.3550   20.5870   24.4280
  QMMM:    33       33      N       34.4130   20.4580   25.5830
  QMMM:    34       34      C       35.7470   19.2630   23.7980
  QMMM:    35       35      C       37.0810   19.0470   23.4500
  QMMM:    36       36      C       37.4540   17.8610   22.8290
  QMMM:    37       37      C       36.4890   16.8990   22.5430
  QMMM:    38       38      Cl      36.9420   15.4710   21.6870
  QMMM:    39       39      C       35.1620   17.0860   22.9270
  QMMM:    40       40      C       34.7930   18.2690   23.5600
  QMMM:    41       41      H       31.9870   25.6940   24.1390
  QMMM:    42       42      H       31.6270   25.6560   25.8820
  QMMM:    43       43      H       34.8500   27.2850   26.6630
  QMMM:    44       44      H       34.8880   25.3430   28.0210
  QMMM:    45       45      H       33.1170   25.5200   27.9490
  QMMM:    46       46      H       34.9220   23.7930   26.2410
  QMMM:    47       47      H       33.4910   23.4090   27.1770
  QMMM:    48       48      H       33.6090   20.9330   28.1340
  QMMM:    49       49      H       31.8830   21.3210   29.7630
  QMMM:    50       50      H       29.3330   23.5940   25.0850
  QMMM:    51       51      H       30.5210   24.3310   23.1300
  QMMM:    52       52      H       28.8000   24.0410   22.8070
  QMMM:    53       53      H       30.0200   22.8640   22.2470
  QMMM:    54       54      H       28.4580   21.1860   25.2190
  QMMM:    55       55      H       27.5790   22.1830   24.0490
  QMMM:    56       56      H       28.8010   21.0180   23.4880
  QMMM:    57       57      H       29.1740   22.6600   26.7830
  QMMM:    58       58      H       28.8200   22.0200   31.2300
  QMMM:    59       59      H       30.5350   22.4500   30.9420
  QMMM:    60       60      H       29.9640   20.7860   30.6070
  QMMM:    61       61      H       35.3930   22.3340   23.0990
  QMMM:    62       62      H       32.0320   20.9080   23.2430
  QMMM:    63       63      H       30.8930   19.7490   21.4360
  QMMM:    64       64      H       34.5790   19.6330   19.2030
  QMMM:    65       65      H       35.7310   20.8260   21.0450
  QMMM:    66       66      H       36.2610   21.0630   24.8080
  QMMM:    67       67      H       37.8330   19.8030   23.6640
  QMMM:    68       68      H       38.4970   17.6920   22.5660
  QMMM:    69       69      H       34.4150   16.3180   22.7300
  QMMM:    70       70      H       33.7550   18.4310   23.8480

--------------------------------------------------------------------------------
  RESULTS
--------------------------------------------------------------------------------

      iter         sqm energy              rms gradient
      ----    -------------------    -----------------------
xmin    10      -15.3626 kcal/mol        0.1814 kcal/(mol*A)
xmin    20      -16.2071 kcal/mol        0.0776 kcal/(mol*A)
xmin    30      -16.2247 kcal/mol        0.0026 kcal/(mol*A)
xmin    40      -16.2400 kcal/mol        0.0854 kcal/(mol*A)
xmin    50      -16.5476 kcal/mol        0.1656 kcal/(mol*A)
xmin    60      -16.8024 kcal/mol        0.3201 kcal/(mol*A)
xmin    70      -17.9657 kcal/mol        0.9603 kcal/(mol*A)
xmin    80      -19.0458 kcal/mol        0.2591 kcal/(mol*A)
xmin    90      -19.6983 kcal/mol        0.2908 kcal/(mol*A)
xmin   100      -19.8096 kcal/mol        0.0112 kcal/(mol*A)
xmin   110      -19.8108 kcal/mol        0.0008 kcal/(mol*A)
  ... geometry converged !

 Heat of formation   =        -19.81076359 kcal/mol  (       -0.85905917 eV)
 Total SCF energy    =    -163921.88762078 kcal/mol  (    -7108.18644555 eV)
 Electronic energy   =   -1608700.23845375 kcal/mol  (   -69758.47701547 eV)
 Core-core repulsion =    1444778.35083297 kcal/mol  (    62650.29056992 eV)
 
    Atomic Charges for Step       1 :
  Atom    Element       Mulliken Charge
     1      O                 -0.356
     2      C                  0.392
     3      N                 -0.284
     4      C                 -0.062
     5      C                  0.282
     6      O                 -0.359
     7      N                 -0.385
     8      C                 -0.046
     9      C                 -0.045
    10      N                 -0.305
    11      C                  0.137
    12      C                 -0.109
    13      C                 -0.039
    14      C                 -0.242
    15      C                  0.167
    16      O                 -0.211
    17      C                  0.031
    18      C                 -0.228
    19      C                 -0.235
    20      C                 -0.230
    21      C                  0.130
    22      O                 -0.207
    23      C                 -0.077
    24      C                  0.022
    25      C                 -0.098
    26      C                 -0.098
    27      C                 -0.120
    28      C                 -0.052
    29      Cl                -0.012
    30      C                 -0.128
    31      C                 -0.108
    32      C                 -0.022
    33      N                 -0.159
    34      C                 -0.064
    35      C                 -0.113
    36      C                 -0.127
    37      C                 -0.055
    38      Cl                -0.018
    39      C                 -0.129
    40      C                 -0.093
    41      H                  0.126
    42      H                  0.164
    43      H                  0.238
    44      H                  0.092
    45      H                  0.078
    46      H                  0.103
    47      H                  0.120
    48      H                  0.138
    49      H                  0.141
    50      H                  0.100
    51      H                  0.106
    52      H                  0.083
    53      H                  0.082
    54      H                  0.083
    55      H                  0.084
    56      H                  0.093
    57      H                  0.161
    58      H                  0.109
    59      H                  0.075
    60      H                  0.075
    61      H                  0.106
    62      H                  0.159
    63      H                  0.152
    64      H                  0.148
    65      H                  0.132
    66      H                  0.120
    67      H                  0.132
    68      H                  0.146
    69      H                  0.147
    70      H                  0.159
 Total Mulliken Charge =      -0.000
 
 Final Structure

  QMMM: QM Region Cartesian Coordinates (*=link atom) 
  QMMM: QM_NO.   MM_NO.  ATOM         X         Y         Z
  QMMM:     1        1      O       32.0006   23.1513   24.3454
  QMMM:     2        2      C       33.2051   23.2765   24.6533
  QMMM:     3        3      N       33.8629   24.5092   24.4408
  QMMM:     4        4      C       33.0337   25.6583   24.1347
  QMMM:     5        5      C       32.9668   26.7383   25.2192
  QMMM:     6        6      O       32.1003   27.6313   25.1616
  QMMM:     7        7      N       33.9080   26.7501   26.2271
  QMMM:     8        8      C       34.8620   25.6947   26.4035
  QMMM:     9        9      C       35.0883   24.8580   25.1224
  QMMM:    10       10      N       33.9668   22.1789   25.1827
  QMMM:    11       11      C       33.3023   21.1507   25.9590
  QMMM:    12       12      C       32.2380   21.5104   26.9102
  QMMM:    13       13      C       32.5375   22.2290   28.0673
  QMMM:    14       14      C       31.5425   22.5509   28.9870
  QMMM:    15       15      C       30.9076   21.0943   26.6743
  QMMM:    16       16      O       30.6930   20.3391   25.5451
  QMMM:    17       17      C       29.4241   20.5326   24.8752
  QMMM:    18       18      C       29.7613   20.7029   23.4050
  QMMM:    19       19      C       28.5627   19.3105   25.1231
  QMMM:    20       20      C       29.8969   21.4033   27.5898
  QMMM:    21       21      C       30.2265   22.1348   28.7433
  QMMM:    22       22      O       29.1621   22.3883   29.5828
  QMMM:    23       23      C       29.4522   23.1255   30.7657
  QMMM:    24       24      C       34.9500   21.4886   24.3201
  QMMM:    25       25      C       34.8323   21.7047   22.8441
  QMMM:    26       26      C       33.6073   21.6249   22.1721
  QMMM:    27       27      C       33.5409   21.8282   20.7948
  QMMM:    28       28      C       34.7084   22.1107   20.0801
  QMMM:    29       29      Cl      34.6334   22.3588   18.4006
  QMMM:    30       30      C       35.9392   22.1921   20.7390
  QMMM:    31       31      C       35.9947   21.9925   22.1159
  QMMM:    32       32      C       34.8322   19.9605   24.7785
  QMMM:    33       33      N       33.7812   19.9409   25.8060
  QMMM:    34       34      C       34.6191   18.9790   23.6680
  QMMM:    35       35      C       35.7401   18.3818   23.0760
  QMMM:    36       36      C       35.5906   17.4445   22.0574
  QMMM:    37       37      C       34.3067   17.0895   21.6321
  QMMM:    38       38      Cl      34.1164   15.9419   20.3917
  QMMM:    39       39      C       33.1803   17.6687   22.2222
  QMMM:    40       40      C       33.3391   18.6117   23.2370
  QMMM:    41       41      H       33.4622   26.1511   23.2137
  QMMM:    42       42      H       31.9739   25.3412   23.9086
  QMMM:    43       43      H       33.8282   27.4293   26.9478
  QMMM:    44       44      H       35.8514   26.1414   26.7075
  QMMM:    45       45      H       34.5249   25.0086   27.2354
  QMMM:    46       46      H       35.7028   25.4641   24.3944
  QMMM:    47       47      H       35.6850   23.9495   25.4033
  QMMM:    48       48      H       33.5749   22.5470   28.2553
  QMMM:    49       49      H       31.7994   23.1207   29.8895
  QMMM:    50       50      H       28.9153   21.4600   25.2564
  QMMM:    51       51      H       30.4115   21.6028   23.2696
  QMMM:    52       52      H       28.8202   20.8321   22.8209
  QMMM:    53       53      H       30.3095   19.8076   23.0255
  QMMM:    54       54      H       28.3169   19.2207   26.2081
  QMMM:    55       55      H       27.6158   19.3961   24.5394
  QMMM:    56       56      H       29.1029   18.3858   24.8076
  QMMM:    57       57      H       28.8601   21.0772   27.4294
  QMMM:    58       58      H       28.4565   23.2032   31.2719
  QMMM:    59       59      H       29.8456   24.1394   30.5114
  QMMM:    60       60      H       30.1790   22.5708   31.4073
  QMMM:    61       61      H       35.9637   21.8581   24.6579
  QMMM:    62       62      H       32.6810   21.4021   22.7307
  QMMM:    63       63      H       32.5719   21.7646   20.2768
  QMMM:    64       64      H       36.8585   22.4130   20.1761
  QMMM:    65       65      H       36.9656   22.0602   22.6300
  QMMM:    66       66      H       35.8025   19.7011   25.2970
  QMMM:    67       67      H       36.7515   18.6506   23.4167
  QMMM:    68       68      H       36.4772   16.9850   21.5956
  QMMM:    69       69      H       32.1701   17.3826   21.8927
  QMMM:    70       70      H       32.4418   19.0574   23.7001

           --------- Calculation Completed ----------

