Building from file nmq.mol2 ...
>> antechamber -i nmq.mol2 -fi mol2 -o nmq.preedit.mol2 -fo mol2 -at gaff -nc 0 -j 5 -c bcc


Total number of electrons: 275; net charge: 0
INFO: Number of electrons is odd: 275
      Please check the total charge (-nc flag) and spin multiplicity (-m flag)

Running: /home/tud67309/local/amber11/bin/sqm -O -i sqm.in -o sqm.out
Error: cannot run "/home/tud67309/local/amber11/bin/sqm -O -i sqm.in -o sqm.out" of bcc() in charge.c properly, exit
net charge after zeroing capped residues:0.000000
included_indices [0, 1, 2, 3, 4, 5, 6, 7, 8, 9, 10, 11, 12, 13, 14, 15, 16, 17, 18, 19, 20, 21, 22, 23, 24, 25, 26, 27, 28, 29, 30, 31, 32, 33, 34, 35, 36, 37, 38, 39, 40, 41, 42, 43, 44, 45, 46, 47, 48, 49, 50, 51, 52, 53, 54, 55, 56, 57, 58, 59, 60]
excluded_indices []
total_included_charge 0.0
net charge after shifting to net charge:0.000000
Writing to nmq.edited.mol2
...Done.
*** Make sure the @<TRIPOS>MOLECULE header is correct -- MUST CHANGE THIS BY HAND!! ****    
@<TRIPOS>MOLECULE
nmq.pdb
61 64 1 0 0
SMALL
NO_CHARGES
@<TRIPOS>ATOM
      1 CL1         9.0850  -13.7550   56.5450 Cl        1 1MQ      0.000000 
      2 CL2         2.9550  -18.5930   58.8080 Cl        1 1MQ      0.000000 
      3 C1          7.4190  -13.4690   56.2100 C.ar      1 1MQ      0.000000 
      4 N1          3.0980  -11.4210   54.8720 N.am      1 1MQ      0.000000 
      5 O1          2.3120  -10.6300   52.9050 O.2       1 1MQ      0.000000 
      6 C2          6.5980  -13.2650   57.3210 C.ar      1 1MQ      0.000000 
      7 O2          2.8120  -14.0540   53.8460 O.3       1 1MQ      0.000000 
      8 C3          5.2620  -12.9850   57.1290 C.ar      1 1MQ      0.000000 
      9 O3          1.2730   -8.8430   55.4600 O.co2     1 1MQ      0.000000 
     10 C4          6.9520  -13.4120   54.8920 C.ar      1 1MQ      0.000000 
     11 O4          1.9270  -10.1050   57.1880 O.co2     1 1MQ      0.000000 
     12 C5          5.6040  -13.1270   54.7220 C.ar      1 1MQ      0.000000 
     13 C6          4.7540  -12.9110   55.8300 C.ar      1 1MQ      0.000000 
     14 C7          3.2900  -12.5750   55.7250 C.3       1 1MQ      0.000000 
     15 C8          3.3850  -10.0370   55.3250 C.3       1 1MQ      0.000000 
     16 C9          2.6320  -11.6020   53.5890 C.2       1 1MQ      0.000000 
     17 C10         2.4920  -13.0140   52.9690 C.3       1 1MQ      0.000000 
     18 C11         1.0710  -13.1040   52.3110 C.3       1 1MQ      0.000000 
     19 C12         0.6140  -14.5070   52.0270 C.ar      1 1MQ      0.000000 
     20 C13        -0.1700  -15.2150   52.9450 C.ar      1 1MQ      0.000000 
     21 C14        -0.5790  -16.5280   52.6600 C.ar      1 1MQ      0.000000 
     22 C15        -0.1900  -17.1180   51.4420 C.ar      1 1MQ      0.000000 
     23 C16         0.5960  -16.4040   50.5280 C.ar      1 1MQ      0.000000 
     24 C17         0.9940  -15.1030   50.8200 C.ar      1 1MQ      0.000000 
     25 C18         2.4410  -13.7720   55.1840 C.3       1 1MQ      0.000000 
     26 C19         2.5060  -14.9690   56.0850 C.ar      1 1MQ      0.000000 
     27 C20         1.8930  -14.9030   57.3460 C.ar      1 1MQ      0.000000 
     28 C21         1.9870  -15.9830   58.2480 C.ar      1 1MQ      0.000000 
     29 C22         2.7160  -17.1250   57.8350 C.ar      1 1MQ      0.000000 
     30 C23         3.3260  -17.2080   56.5860 C.ar      1 1MQ      0.000000 
     31 C24         3.2150  -16.1250   55.7130 C.ar      1 1MQ      0.000000 
     32 C25         4.5540   -9.7770   56.3380 C.3       1 1MQ      0.000000 
     33 C26         2.0880   -9.5840   55.9560 C.2       1 1MQ      0.000000 
     34 C27         5.7390   -8.8670   55.9160 C.3       1 1MQ      0.000000 
     35 C28         6.8540   -8.6990   56.9800 C.3       1 1MQ      0.000000 
     36 F1         -0.5500  -18.3770   51.1080 F         1 1MQ      0.000000 
     37 H01         7.1870   -9.6810   57.3170 H         1 1MQ      0.000000 
     38 H02         7.0090  -13.3260   58.3290 H         1 1MQ      0.000000 
     39 H03         4.6070  -12.8230   57.9850 H         1 1MQ      0.000000 
     40 H04         7.6130  -13.5830   54.0420 H         1 1MQ      0.000000 
     41 H05         5.1930  -13.0690   53.7140 H         1 1MQ      0.000000 
     42 H06         2.9440  -12.3520   56.7340 H         1 1MQ      0.000000 
     43 H07         3.7390   -9.4960   54.4470 H         1 1MQ      0.000000 
     44 H08         3.2420  -13.1550   52.1910 H         1 1MQ      0.000000 
     45 H09         1.0930  -12.5540   51.3700 H         1 1MQ      0.000000 
     46 H10        -0.4640  -14.7460   53.8840 H         1 1MQ      0.000000 
     47 H11        -1.1900  -17.0830   53.3720 H         1 1MQ      0.000000 
     48 H12         0.8960  -16.8680   49.5880 H         1 1MQ      0.000000 
     49 H13         1.6030  -14.5470   50.1070 H         1 1MQ      0.000000 
     50 H14         1.3900  -13.4840   55.1810 H         1 1MQ      0.000000 
     51 H15         1.3390  -14.0080   57.6310 H         1 1MQ      0.000000 
     52 H16         1.5150  -15.9400   59.2290 H         1 1MQ      0.000000 
     53 H17         3.8790  -18.1010   56.2960 H         1 1MQ      0.000000 
     54 H18         3.6840  -16.1760   54.7300 H         1 1MQ      0.000000 
     55 H19         4.9750  -10.7490   56.5950 H         1 1MQ      0.000000 
     56 H20         5.3410   -7.8790   55.6850 H         1 1MQ      0.000000 
     57 H21         6.4650   -8.1360   57.8280 H         1 1MQ      0.000000 
     58 H22         0.3660  -12.6830   53.0280 H         1 1MQ      0.000000 
     59 H23         4.0760   -9.2200   57.1440 H         1 1MQ      0.000000 
     60 H24         6.2070   -9.3570   55.0620 H         1 1MQ      0.000000 
     61 H25         7.6950   -8.1610   56.5420 H         1 1MQ      0.000000 
@<TRIPOS>BOND
     1    1    3 1
     2    2   29 1
     3    3    6 ar
     4    3   10 ar
     5    4   14 1
     6    4   15 1
     7    4   16 am
     8    5   16 2
     9    6    8 ar
    10    6   38 1
    11    7   17 1
    12    7   25 1
    13    8   13 ar
    14    8   39 1
    15    9   33 2
    16   10   12 ar
    17   10   40 1
    18   11   33 2
    19   12   13 ar
    20   12   41 1
    21   13   14 1
    22   14   25 1
    23   14   42 1
    24   15   32 1
    25   15   33 1
    26   15   43 1
    27   16   17 1
    28   17   18 1
    29   17   44 1
    30   18   19 1
    31   18   45 1
    32   18   58 1
    33   19   20 ar
    34   19   24 ar
    35   20   21 ar
    36   20   46 1
    37   21   22 ar
    38   21   47 1
    39   22   23 ar
    40   22   36 1
    41   23   24 ar
    42   23   48 1
    43   24   49 1
    44   25   26 1
    45   25   50 1
    46   26   27 ar
    47   26   31 ar
    48   27   28 ar
    49   27   51 1
    50   28   29 ar
    51   28   52 1
    52   29   30 ar
    53   30   31 ar
    54   30   53 1
    55   31   54 1
    56   32   34 1
    57   32   55 1
    58   32   59 1
    59   34   35 1
    60   34   56 1
    61   34   60 1
    62   35   37 1
    63   35   57 1
    64   35   61 1
@<TRIPOS>SUBSTRUCTURE
     1 1MQ     1 RESIDUE           4 A     1MQ     0 ROOT

>> parmchk -i nmq.edited.mol2 -f mol2 -o nmq.edited.mol2.frcmod -p $AMBERHOME/dat/leap/parm/gaff.dat
### THE leapscript ###
modsnmq = loadAmberParams nmq.edited.mol2.frcmod
modsDLM = loadAmberParams dlm_edit.frcmod
source leaprc.ff99SB

nmq = loadMol2 nmq.edited.mol2

# Delete N-terminal acetyl and C-terminal dimethyl amine group

# Should still be net neutral -- all removed atoms shoulve have had charge 0.0

set nmq name "nmq"
set nmq.1 name "nmq"

savepdb nmq nmq.pdb


# Make a list of info needed for the library
# This is necessary in order to make sure the parameter modifications are stored to the off file.
myresidue = { nmq modsnmq modsDLM }
saveoff myresidue nmq.off

quit

### -------------- ###
-I: Adding /home/tud67309/local/amber11/dat/leap/prep to search path.
-I: Adding /home/tud67309/local/amber11/dat/leap/lib to search path.
-I: Adding /home/tud67309/local/amber11/dat/leap/parm to search path.
-I: Adding /home/tud67309/local/amber11/dat/leap/cmd to search path.
-f: Source /tmp/tmpe3GNWd.

Welcome to LEaP!
(no leaprc in search path)
Sourcing: /tmp/tmpe3GNWd
Loading parameters: ./nmq.edited.mol2.frcmod
Reading force field modification type file (frcmod)
Reading title:
remark goes here
Unknown keyword: C.ar-C.ar- in parameter file.
Unknown keyword: N.am-C.3-C in parameter file.
Unknown keyword: N.am-C.3-H in parameter file.
Unknown keyword: N.am-C.2-O in parameter file.
Unknown keyword: O.2-C.2-C. in parameter file.
Unknown keyword: O.3-C.3-H  in parameter file.
Unknown keyword: O.co2-C.2- in parameter file.
Unknown keyword: C.3-N.am-C in parameter file.
Unknown keyword: C.3-O.3-C. in parameter file.
Unknown keyword: C.ar-C.ar- in parameter file.
Unknown keyword: H -C.3-H   in parameter file.
Loading parameters: ./dlm_edit.frcmod
Reading force field modification type file (frcmod)
Reading title:
remark goes here - Originally created by DLM, VAV edited to mix-n-match AMBER (uppercase) and GAFF (lowercase) atomtypes
No mass defined for non-bond atom type: CA - skipping
No mass defined for non-bond atom type: C - skipping
No mass defined for non-bond atom type: CT - skipping
No mass defined for non-bond atom type: O - skipping
No mass defined for non-bond atom type: HA - skipping
No mass defined for non-bond atom type: HC - skipping
----- Source: /home/tud67309/local/amber11/dat/leap/cmd/leaprc.ff99SB
----- Source of /home/tud67309/local/amber11/dat/leap/cmd/leaprc.ff99SB done
Log file: ./leap.log
Loading parameters: /home/tud67309/local/amber11/dat/leap/parm/parm99.dat
Reading title:
PARM99 for DNA,RNA,AA, organic molecules, TIP3P wat. Polariz.& LP incl.02/04/99
Loading parameters: /home/tud67309/local/amber11/dat/leap/parm/frcmod.ff99SB
Reading force field modification type file (frcmod)
Reading title:
Modification/update of parm99.dat (Hornak & Simmerling)
Loading library: /home/tud67309/local/amber11/dat/leap/lib/all_nucleic94.lib
Loading library: /home/tud67309/local/amber11/dat/leap/lib/all_amino94.lib
Loading library: /home/tud67309/local/amber11/dat/leap/lib/all_aminoct94.lib
Loading library: /home/tud67309/local/amber11/dat/leap/lib/all_aminont94.lib
Loading library: /home/tud67309/local/amber11/dat/leap/lib/ions94.lib
Loading library: /home/tud67309/local/amber11/dat/leap/lib/solvents.lib
Loading Mol2 file: ./nmq.edited.mol2
Reading MOLECULE named nmq.pdb
Writing pdb file: nmq.pdb
 Creating nmq.off
Building topology.
Building atom parameters.
	Quit
