            --------------------------------------------------------
                             AMBER SQM VERSION 1.4
 
                                     By
              Ross C. Walker, Michael F. Crowley, Scott Brozell,
                Tim Giese, Andreas W. Goetz and David A. Case
 
            --------------------------------------------------------
 

--------------------------------------------------------------------------------
  QM CALCULATION INFO
--------------------------------------------------------------------------------

| QMMM: Citation for AMBER QMMM Run:
| QMMM: R.C. Walker, M.F. Crowley and D.A. Case, J. COMP. CHEM. 29:1019, 2008

QMMM: SINGLET STATE CALCULATION
QMMM: RHF CALCULATION, NO. OF DOUBLY OCCUPIED LEVELS = 93

| QMMM: *** Selected Hamiltonian *** 
| QMMM: AM1         

| QMMM: *** Parameter sets in use ***
| QMMM: Cl: M.J.S.DEWAR et al. THEOCHEM, 180, 1, (1988)
| QMMM: C : M.J.S.DEWAR et al. JACS, 107, 3902, (1985)
| QMMM: N : M.J.S.DEWAR et al. JACS, 107, 3902, (1985)
| QMMM: O : M.J.S.DEWAR et al. JACS, 107, 3902, (1985)
| QMMM: F : M.J.S.DEWAR et al. THEOCHEM, 180, 1, (1988)
| QMMM: H : M.J.S.DEWAR et al. JACS, 107, 3902, (1985)

| QMMM: *** SCF convergence criteria ***
| QMMM: Energy change                :  0.1D-09 kcal/mol
| QMMM: Error matrix |FP-PF|         :  0.1D+00 au
| QMMM: Density matrix change        :  0.1D-09
| QMMM: Maximum number of SCF cycles :     1000

| QMMM: *** Diagonalization Routine Information ***
| QMMM: Pseudo diagonalizations are allowed.
| QMMM: Auto diagonalization routine selection is disabled.
| QMMM: Using internal diagonalization routine (diag_routine=1).

  QMMM: QM Region Cartesian Coordinates (*=link atom) 
  QMMM: QM_NO.   MM_NO.  ATOM         X         Y         Z
  QMMM:     1        1      Cl       8.8970  -13.7230   56.5070
  QMMM:     2        2      C        7.4190  -13.4690   56.2100
  QMMM:     3        3      N        3.0980  -11.4210   54.8720
  QMMM:     4        4      O        2.3120  -10.6300   52.9050
  QMMM:     5        5      C        6.5980  -13.2650   57.3210
  QMMM:     6        6      O        2.8120  -14.0540   53.8460
  QMMM:     7        7      C        5.2620  -12.9850   57.1290
  QMMM:     8        8      O        1.2730   -8.8430   55.4600
  QMMM:     9        9      C        6.9520  -13.4120   54.8920
  QMMM:    10       10      O        1.9270  -10.1050   57.1880
  QMMM:    11       11      C        5.6040  -13.1270   54.7220
  QMMM:    12       12      C        4.7540  -12.9110   55.8300
  QMMM:    13       13      C        3.2900  -12.5750   55.7250
  QMMM:    14       14      C        3.3850  -10.0370   55.3250
  QMMM:    15       15      C        2.6320  -11.6020   53.5890
  QMMM:    16       16      C        2.4920  -13.0140   52.9690
  QMMM:    17       17      C        1.0710  -13.1040   52.3110
  QMMM:    18       18      C        0.6140  -14.5070   52.0270
  QMMM:    19       19      C       -0.1700  -15.2150   52.9450
  QMMM:    20       20      C       -0.5790  -16.5280   52.6600
  QMMM:    21       21      C       -0.1900  -17.1180   51.4420
  QMMM:    22       22      C        0.5960  -16.4040   50.5280
  QMMM:    23       23      C        0.9940  -15.1030   50.8200
  QMMM:    24       24      C        2.4410  -13.7720   55.1840
  QMMM:    25       25      C        2.5060  -14.9690   56.0850
  QMMM:    26       26      C        1.8930  -14.9030   57.3460
  QMMM:    27       27      C        1.9870  -15.9830   58.2480
  QMMM:    28       28      C        2.7160  -17.1250   57.8350
  QMMM:    29       29      C        3.3260  -17.2080   56.5860
  QMMM:    30       30      C        3.2150  -16.1250   55.7130
  QMMM:    31       31      C        4.5540   -9.7770   56.3380
  QMMM:    32       32      C        2.0880   -9.5840   55.9560
  QMMM:    33       33      C        5.7390   -8.8670   55.9160
  QMMM:    34       34      C        6.8540   -8.6990   56.9800
  QMMM:    35       35      F       -0.5500  -18.3770   51.1080
  QMMM:    36       36      H        7.1870   -9.6810   57.3170
  QMMM:    37       37      H        7.0090  -13.3260   58.3290
  QMMM:    38       38      H        4.6070  -12.8230   57.9850
  QMMM:    39       39      H        7.6130  -13.5830   54.0420
  QMMM:    40       40      H        5.1930  -13.0690   53.7140
  QMMM:    41       41      H        2.9440  -12.3520   56.7340
  QMMM:    42       42      H        3.7390   -9.4960   54.4470
  QMMM:    43       43      H        3.2420  -13.1550   52.1910
  QMMM:    44       44      H        1.0930  -12.5540   51.3700
  QMMM:    45       45      H       -0.4640  -14.7460   53.8840
  QMMM:    46       46      H       -1.1900  -17.0830   53.3720
  QMMM:    47       47      H        0.8960  -16.8680   49.5880
  QMMM:    48       48      H        1.6030  -14.5470   50.1070
  QMMM:    49       49      H        1.3900  -13.4840   55.1810
  QMMM:    50       50      H        1.3390  -14.0080   57.6310
  QMMM:    51       51      H        1.5150  -15.9400   59.2290
  QMMM:    52       52      H        3.8790  -18.1010   56.2960
  QMMM:    53       53      H        3.6840  -16.1760   54.7300
  QMMM:    54       54      H        6.4650   -8.1360   57.8280
  QMMM:    55       55      H        0.3660  -12.6830   53.0280
  QMMM:    56       56      H        4.0760   -9.2200   57.1440
  QMMM:    57       57      H        6.2070   -9.3570   55.0620
  QMMM:    58       58      H        7.6950   -8.1610   56.5420
  QMMM:    59       59      Cl       2.8370  -18.3090   58.7950

--------------------------------------------------------------------------------
  RESULTS
--------------------------------------------------------------------------------

      iter         sqm energy              rms gradient
      ----    -------------------    -----------------------
xmin    10     -153.0928 kcal/mol        0.4951 kcal/(mol*A)
xmin    20     -154.3511 kcal/mol        0.7030 kcal/(mol*A)
xmin    30     -155.0220 kcal/mol        0.4524 kcal/(mol*A)
xmin    40     -155.2446 kcal/mol        0.1666 kcal/(mol*A)
xmin    50     -155.3431 kcal/mol        0.3261 kcal/(mol*A)
xmin    60     -155.9840 kcal/mol        0.1271 kcal/(mol*A)
xmin    70     -156.1004 kcal/mol        0.0495 kcal/(mol*A)
xmin    80     -156.1254 kcal/mol        0.0206 kcal/(mol*A)
xmin    90     -156.1306 kcal/mol        0.0042 kcal/(mol*A)
xmin   100     -156.1307 kcal/mol        0.0004 kcal/(mol*A)
xmin   100     -156.1307 kcal/mol        0.0001 kcal/(mol*A)
  ... geometry converged !

 Heat of formation   =       -156.13072857 kcal/mol  (       -6.77033644 eV)
 Total SCF energy    =    -152738.57476415 kcal/mol  (    -6623.24160982 eV)
 Electronic energy   =   -1312367.55121031 kcal/mol  (   -56908.52743638 eV)
 Core-core repulsion =    1159628.97644616 kcal/mol  (    50285.28582655 eV)
 
    Atomic Charges for Step       1 :
  Atom    Element       Mulliken Charge
     1      Cl                -0.057
     2      C                 -0.060
     3      N                 -0.271
     4      O                 -0.396
     5      C                 -0.140
     6      O                 -0.278
     7      C                 -0.094
     8      O                 -0.530
     9      C                 -0.145
    10      O                 -0.587
    11      C                 -0.108
    12      C                 -0.078
    13      C                  0.032
    14      C                 -0.039
    15      C                  0.275
    16      C                  0.016
    17      C                 -0.148
    18      C                 -0.068
    19      C                 -0.098
    20      C                 -0.168
    21      C                  0.073
    22      C                 -0.167
    23      C                 -0.105
    24      C                  0.052
    25      C                 -0.060
    26      C                 -0.109
    27      C                 -0.126
    28      C                 -0.064
    29      C                 -0.134
    30      C                 -0.098
    31      C                 -0.142
    32      C                  0.336
    33      C                 -0.197
    34      C                 -0.173
    35      F                 -0.118
    36      H                  0.065
    37      H                  0.140
    38      H                  0.205
    39      H                  0.132
    40      H                  0.145
    41      H                  0.177
    42      H                  0.122
    43      H                  0.131
    44      H                  0.127
    45      H                  0.142
    46      H                  0.141
    47      H                  0.142
    48      H                  0.150
    49      H                  0.102
    50      H                  0.161
    51      H                  0.145
    52      H                  0.139
    53      H                  0.153
    54      H                  0.069
    55      H                  0.102
    56      H                  0.138
    57      H                  0.129
    58      H                  0.063
    59      Cl                -0.043
 Total Mulliken Charge =      -1.000
 
 Final Structure

  QMMM: QM Region Cartesian Coordinates (*=link atom) 
  QMMM: QM_NO.   MM_NO.  ATOM         X         Y         Z
  QMMM:     1        1      Cl       8.9765  -13.9788   57.1665
  QMMM:     2        2      C        7.3383  -13.6062   56.8572
  QMMM:     3        3      N        3.0036  -11.5719   55.2094
  QMMM:     4        4      O        2.8077  -10.9677   52.9895
  QMMM:     5        5      C        6.6550  -12.7297   57.7045
  QMMM:     6        6      O        2.6176  -14.2941   54.4172
  QMMM:     7        7      C        5.3181  -12.4321   57.4498
  QMMM:     8        8      O        1.3719   -9.3046   57.0500
  QMMM:     9        9      C        6.6976  -14.1783   55.7566
  QMMM:    10       10      O        3.0172  -10.3959   58.1014
  QMMM:    11       11      C        5.3584  -13.8759   55.5107
  QMMM:    12       12      C        4.6568  -13.0166   56.3590
  QMMM:    13       13      C        3.2006  -12.6593   56.1533
  QMMM:    14       14      C        3.1365  -10.1911   55.6664
  QMMM:    15       15      C        2.7852  -11.8475   53.8808
  QMMM:    16       16      C        2.4162  -13.2760   53.4445
  QMMM:    17       17      C        0.9666  -13.2776   52.9454
  QMMM:    18       18      C        0.7400  -14.3031   51.8921
  QMMM:    19       19      C        0.0177  -15.4688   52.1704
  QMMM:    20       20      C       -0.2095  -16.4198   51.1801
  QMMM:    21       21      C        0.2949  -16.2040   49.8856
  QMMM:    22       22      C        1.0244  -15.0363   49.5955
  QMMM:    23       23      C        1.2399  -14.0986   50.5991
  QMMM:    24       24      C        2.3198  -13.8740   55.7541
  QMMM:    25       25      C        2.4802  -15.0413   56.6772
  QMMM:    26       26      C        2.1191  -14.8855   58.0229
  QMMM:    27       27      C        2.2142  -15.9581   58.9059
  QMMM:    28       28      C        2.6676  -17.1958   58.4399
  QMMM:    29       29      C        3.0316  -17.3629   57.1018
  QMMM:    30       30      C        2.9370  -16.2832   56.2252
  QMMM:    31       31      C        4.5572   -9.7082   55.7247
  QMMM:    32       32      C        2.4505   -9.9467   57.0635
  QMMM:    33       33      C        5.2249   -9.2967   54.6438
  QMMM:    34       34      C        6.6050   -8.7752   54.6759
  QMMM:    35       35      F        0.0773  -17.1241   48.9127
  QMMM:    36       36      H        7.2731   -9.4140   54.0451
  QMMM:    37       37      H        7.1658  -12.2706   58.5632
  QMMM:    38       38      H        4.7667  -11.7113   58.0906
  QMMM:    39       39      H        7.2402  -14.8593   55.0860
  QMMM:    40       40      H        4.8504  -14.3287   54.6440
  QMMM:    41       41      H        2.8055  -12.3003   57.1633
  QMMM:    42       42      H        2.5702   -9.5572   54.9160
  QMMM:    43       43      H        3.1173  -13.5674   52.6087
  QMMM:    44       44      H        0.7356  -12.2602   52.5231
  QMMM:    45       45      H       -0.3710  -15.6401   53.1863
  QMMM:    46       46      H       -0.7753  -17.3358   51.3991
  QMMM:    47       47      H        1.4160  -14.8763   48.5814
  QMMM:    48       48      H        1.8095  -13.1814   50.3789
  QMMM:    49       49      H        1.2364  -13.5475   55.7921
  QMMM:    50       50      H        1.7670  -13.9062   58.3879
  QMMM:    51       51      H        1.9367  -15.8264   59.9622
  QMMM:    52       52      H        3.3939  -18.3357   56.7392
  QMMM:    53       53      H        3.2271  -16.4047   55.1694
  QMMM:    54       54      H        7.0178   -8.7555   55.7145
  QMMM:    55       55      H        0.2791  -13.4536   53.8144
  QMMM:    56       56      H        4.9956   -9.6976   56.7369
  QMMM:    57       57      H        4.7523   -9.3350   53.6464
  QMMM:    58       58      H        6.6339   -7.7341   54.2668
  QMMM:    59       59      Cl       2.7776  -18.5144   59.5156

           --------- Calculation Completed ----------

