            --------------------------------------------------------
                             AMBER SQM VERSION 1.4
 
                                     By
              Ross C. Walker, Michael F. Crowley, Scott Brozell,
                Tim Giese, Andreas W. Goetz and David A. Case
 
            --------------------------------------------------------
 

--------------------------------------------------------------------------------
  QM CALCULATION INFO
--------------------------------------------------------------------------------

| QMMM: Citation for AMBER QMMM Run:
| QMMM: R.C. Walker, M.F. Crowley and D.A. Case, J. COMP. CHEM. 29:1019, 2008

QMMM: SINGLET STATE CALCULATION
QMMM: RHF CALCULATION, NO. OF DOUBLY OCCUPIED LEVELS = 77

| QMMM: *** Selected Hamiltonian *** 
| QMMM: AM1         

| QMMM: *** Parameter sets in use ***
| QMMM: C : M.J.S.DEWAR et al. JACS, 107, 3902, (1985)
| QMMM: N : M.J.S.DEWAR et al. JACS, 107, 3902, (1985)
| QMMM: O : M.J.S.DEWAR et al. JACS, 107, 3902, (1985)
| QMMM: Br: M.J.S.DEWAR et al. THEOCHEM, 180, 1, (1988)
| QMMM: H : M.J.S.DEWAR et al. JACS, 107, 3902, (1985)

| QMMM: *** SCF convergence criteria ***
| QMMM: Energy change                :  0.1D-09 kcal/mol
| QMMM: Error matrix |FP-PF|         :  0.1D+00 au
| QMMM: Density matrix change        :  0.1D-09
| QMMM: Maximum number of SCF cycles :     1000

| QMMM: *** Diagonalization Routine Information ***
| QMMM: Pseudo diagonalizations are allowed.
| QMMM: Auto diagonalization routine selection is disabled.
| QMMM: Using internal diagonalization routine (diag_routine=1).

  QMMM: QM Region Cartesian Coordinates (*=link atom) 
  QMMM: QM_NO.   MM_NO.  ATOM         X         Y         Z
  QMMM:     1        1      C       10.0160  -15.8340   25.9040
  QMMM:     2        2      N       11.3370  -16.6150   24.0060
  QMMM:     3        3      O        6.7510  -15.3200   22.7390
  QMMM:     4        4      C        9.4980  -16.6000   27.0400
  QMMM:     5        5      N       13.0110  -16.4650   22.7090
  QMMM:     6        6      C        9.5530  -16.0100   28.3530
  QMMM:     7        7      N       10.8510  -15.3140   21.9490
  QMMM:     8        8      C       10.1260  -14.7080   28.3830
  QMMM:     9        9      N       12.2740  -17.2910   24.6340
  QMMM:    10       10      C       10.6280  -13.9280   27.3240
  QMMM:    11       11      C       10.5760  -14.5140   26.0360
  QMMM:    12       12      C        7.5570  -15.2740   23.9390
  QMMM:    13       13      C       13.3460  -17.1960   23.8070
  QMMM:    14       14      C        9.0140  -15.5700   23.5600
  QMMM:    15       15      C        9.9510  -16.4060   24.5430
  QMMM:    16       16      C       11.7460  -16.0910   22.8150
  QMMM:    17       17      C        9.4760  -15.1150   22.3550
  QMMM:    18       18      C        9.1340  -13.6140   20.3190
  QMMM:    19       19      C        8.1400  -12.9550   19.4880
  QMMM:    20       20      C        6.7380  -13.1050   19.7220
  QMMM:    21       21      C        6.2480  -13.9250   20.8090
  QMMM:    22       22      C        7.2080  -14.5800   21.6480
  QMMM:    23       23      C        8.6210  -14.4320   21.4110
  QMMM:    24       24      C        6.2730  -14.1710   25.6790
  QMMM:    25       25      C        7.3350  -13.9900   24.7200
  QMMM:    26       26      C        8.0400  -12.7240   24.5300
  QMMM:    27       27      C        7.6610  -11.5880   25.3260
  QMMM:    28       28      C        6.5900  -11.7940   26.2730
  QMMM:    29       29      C        5.8780  -13.0410   26.4820
  QMMM:    30       30      Br      10.3610  -13.8190   30.0390
  QMMM:    31       31      Br       6.0780  -10.4650   27.3190
  QMMM:    32       32      H        5.0770  -13.1200   27.2170
  QMMM:    33       33      H        9.0800  -17.5960   26.8950
  QMMM:    34       34      H        9.1870  -16.5170   29.2460
  QMMM:    35       35      H       11.1900  -14.9230   21.0810
  QMMM:    36       36      H       11.0340  -12.9290   27.4860
  QMMM:    37       37      H       10.9510  -13.9780   25.1640
  QMMM:    38       38      H        7.2500  -16.0490   24.6410
  QMMM:    39       39      H       14.3250  -17.6370   23.9940
  QMMM:    40       40      H        9.9050  -15.6140   24.1860
  QMMM:    41       41      H        9.4710  -17.3820   24.6100
  QMMM:    42       42      H        9.0800  -15.1650   23.3690
  QMMM:    43       43      H       10.2030  -13.5030   20.1360
  QMMM:    44       44      H        8.4740  -12.3280   18.6620
  QMMM:    45       45      H        6.0270  -12.5940   19.0720
  QMMM:    46       46      H        5.1790  -14.0410   20.9850
  QMMM:    47       47      H        5.7820  -15.1370   25.7940
  QMMM:    48       48      H        8.8410  -12.6420   23.7960
  QMMM:    49       49      H        8.1560  -10.6230   25.2200

--------------------------------------------------------------------------------
  RESULTS
--------------------------------------------------------------------------------

      iter         sqm energy              rms gradient
      ----    -------------------    -----------------------
xmin    10      191.5539 kcal/mol        3.7778 kcal/(mol*A)
xmin    20      167.1764 kcal/mol        0.2490 kcal/(mol*A)
xmin    30      166.4800 kcal/mol        0.3544 kcal/(mol*A)
xmin    40      166.2408 kcal/mol        0.0170 kcal/(mol*A)
xmin    50      166.2368 kcal/mol        0.0014 kcal/(mol*A)
  ... geometry converged !

 Heat of formation   =        166.23674777 kcal/mol  (        7.20856631 eV)
 Total SCF energy    =    -119245.73174100 kcal/mol  (    -5170.88295135 eV)
 Electronic energy   =    -989786.31727911 kcal/mol  (   -42920.35546070 eV)
 Core-core repulsion =     870540.58553811 kcal/mol  (    37749.47250935 eV)
 
    Atomic Charges for Step       1 :
  Atom    Element       Mulliken Charge
     1      C                 -0.084
     2      N                 -0.170
     3      O                 -0.196
     4      C                 -0.115
     5      N                 -0.186
     6      C                 -0.107
     7      N                 -0.238
     8      C                 -0.156
     9      N                 -0.076
    10      C                 -0.103
    11      C                 -0.095
    12      C                  0.074
    13      C                 -0.151
    14      C                 -0.139
    15      C                  0.104
    16      C                  0.054
    17      C                  0.059
    18      C                 -0.096
    19      C                 -0.150
    20      C                 -0.096
    21      C                 -0.141
    22      C                  0.090
    23      C                 -0.144
    24      C                 -0.104
    25      C                 -0.101
    26      C                 -0.113
    27      C                 -0.105
    28      C                 -0.156
    29      C                 -0.106
    30      Br                 0.060
    31      Br                 0.060
    32      H                  0.151
    33      H                  0.144
    34      H                  0.151
    35      H                  0.224
    36      H                  0.152
    37      H                  0.145
    38      H                  0.136
    39      H                  0.207
    40      H                  0.119
    41      H                  0.128
    42      H                  0.078
    43      H                  0.131
    44      H                  0.138
    45      H                  0.139
    46      H                  0.154
    47      H                  0.143
    48      H                  0.141
    49      H                  0.150
 Total Mulliken Charge =      -0.000
 
 Final Structure

  QMMM: QM Region Cartesian Coordinates (*=link atom) 
  QMMM: QM_NO.   MM_NO.  ATOM         X         Y         Z
  QMMM:     1        1      C       10.0888  -16.0723   26.0240
  QMMM:     2        2      N       11.4779  -16.2303   23.9898
  QMMM:     3        3      O        7.1827  -15.3531   23.3125
  QMMM:     4        4      C        9.2868  -17.0179   26.6727
  QMMM:     5        5      N       13.0832  -16.1252   22.3797
  QMMM:     6        6      C        9.2198  -17.0463   28.0642
  QMMM:     7        7      N       10.7367  -15.3608   21.8297
  QMMM:     8        8      C        9.9614  -16.1323   28.8187
  QMMM:     9        9      N       12.5737  -16.7477   24.5642
  QMMM:    10       10      C       10.7748  -15.1958   28.1744
  QMMM:    11       11      C       10.8381  -15.1678   26.7820
  QMMM:    12       12      C        8.0065  -14.7616   24.3242
  QMMM:    13       13      C       13.5258  -16.6885   23.5880
  QMMM:    14       14      C        9.5004  -14.7383   23.9700
  QMMM:    15       15      C       10.1348  -16.0561   24.5172
  QMMM:    16       16      C       11.7672  -15.8399   22.6469
  QMMM:    17       17      C        9.8050  -14.4303   22.4780
  QMMM:    18       18      C        8.6686  -13.7880   20.3251
  QMMM:    19       19      C        7.5492  -13.7446   19.4981
  QMMM:    20       20      C        6.3227  -14.2424   19.9455
  QMMM:    21       21      C        6.2003  -14.7642   21.2292
  QMMM:    22       22      C        7.3346  -14.7998   22.0553
  QMMM:    23       23      C        8.5761  -14.3281   21.6135
  QMMM:    24       24      C        6.5948  -13.3531   25.8250
  QMMM:    25       25      C        7.4808  -13.4156   24.7418
  QMMM:    26       26      C        7.8429  -12.2318   24.0932
  QMMM:    27       27      C        7.3370  -11.0050   24.5191
  QMMM:    28       28      C        6.4587  -10.9499   25.6048
  QMMM:    29       29      C        6.0871  -12.1295   26.2564
  QMMM:    30       30      Br       9.8693  -16.1674   30.6883
  QMMM:    31       31      Br       5.7811   -9.3034   26.1826
  QMMM:    32       32      H        5.3930  -12.1013   27.1111
  QMMM:    33       33      H        8.7098  -17.7504   26.0866
  QMMM:    34       34      H        8.5850  -17.7968   28.5612
  QMMM:    35       35      H       11.0533  -15.0335   20.9375
  QMMM:    36       36      H       11.3734  -14.4791   28.7584
  QMMM:    37       37      H       11.4942  -14.4373   26.2838
  QMMM:    38       38      H        7.8418  -15.4861   25.1848
  QMMM:    39       39      H       14.5527  -17.0448   23.7222
  QMMM:    40       40      H        9.9608  -13.8918   24.5595
  QMMM:    41       41      H        9.5162  -16.9198   24.1149
  QMMM:    42       42      H       10.2806  -13.3936   22.4821
  QMMM:    43       43      H        9.6314  -13.3972   19.9627
  QMMM:    44       44      H        7.6322  -13.3209   18.4866
  QMMM:    45       45      H        5.4448  -14.2150   19.2824
  QMMM:    46       46      H        5.2427  -15.1521   21.6038
  QMMM:    47       47      H        6.2911  -14.2769   26.3419
  QMMM:    48       48      H        8.5247  -12.2640   23.2289
  QMMM:    49       49      H        7.6337  -10.0843   23.9925

           --------- Calculation Completed ----------

