            --------------------------------------------------------
                             AMBER SQM VERSION 1.4
 
                                     By
              Ross C. Walker, Michael F. Crowley, Scott Brozell,
                Tim Giese, Andreas W. Goetz and David A. Case
 
            --------------------------------------------------------
 

--------------------------------------------------------------------------------
  QM CALCULATION INFO
--------------------------------------------------------------------------------

| QMMM: Citation for AMBER QMMM Run:
| QMMM: R.C. Walker, M.F. Crowley and D.A. Case, J. COMP. CHEM. 29:1019, 2008

QMMM: SINGLET STATE CALCULATION
QMMM: RHF CALCULATION, NO. OF DOUBLY OCCUPIED LEVELS = 51

| QMMM: *** Selected Hamiltonian *** 
| QMMM: AM1         

| QMMM: *** Parameter sets in use ***
| QMMM: Cl: M.J.S.DEWAR et al. THEOCHEM, 180, 1, (1988)
| QMMM: N : M.J.S.DEWAR et al. JACS, 107, 3902, (1985)
| QMMM: C : M.J.S.DEWAR et al. JACS, 107, 3902, (1985)
| QMMM: H : M.J.S.DEWAR et al. JACS, 107, 3902, (1985)

| QMMM: *** SCF convergence criteria ***
| QMMM: Energy change                :  0.1D-09 kcal/mol
| QMMM: Error matrix |FP-PF|         :  0.1D+00 au
| QMMM: Density matrix change        :  0.1D-09
| QMMM: Maximum number of SCF cycles :     1000

| QMMM: *** Diagonalization Routine Information ***
| QMMM: Pseudo diagonalizations are allowed.
| QMMM: Auto diagonalization routine selection is disabled.
| QMMM: Using internal diagonalization routine (diag_routine=1).

  QMMM: QM Region Cartesian Coordinates (*=link atom) 
  QMMM: QM_NO.   MM_NO.  ATOM         X         Y         Z
  QMMM:     1        1      Cl     -10.4300  -15.7610   -0.4980
  QMMM:     2        2      Cl     -14.9460  -12.2010   -3.3550
  QMMM:     3        3      N      -13.7500   -9.5080    2.6330
  QMMM:     4        4      C      -13.4820  -10.2540    3.7620
  QMMM:     5        5      N      -12.3850  -10.9090    3.7230
  QMMM:     6        6      C      -11.7030  -10.6570    2.4540
  QMMM:     7        7      C      -12.6710   -9.7260    1.6670
  QMMM:     8        8      C      -14.4600  -10.2400    4.9030
  QMMM:     9        9      C      -11.3800  -11.9480    1.7480
  QMMM:    10       10      C      -10.1830  -12.0660    1.0400
  QMMM:    11       11      C       -9.8730  -13.2490    0.3820
  QMMM:    12       12      C      -10.7720  -14.3140    0.4220
  QMMM:    13       13      C      -11.9520  -14.2220    1.1630
  QMMM:    14       14      C      -12.2560  -13.0350    1.8230
  QMMM:    15       15      C      -13.2230  -10.3460    0.4060
  QMMM:    16       16      C      -12.5080  -10.2730   -0.7950
  QMMM:    17       17      C      -13.0440  -10.8190   -1.9610
  QMMM:    18       18      C      -14.2910  -11.4520   -1.9160
  QMMM:    19       19      C      -15.0140  -11.5130   -0.7240
  QMMM:    20       20      C      -14.4750  -10.9650    0.4350
  QMMM:    21       21      H      -15.0320  -11.0190    1.3700
  QMMM:    22       22      H      -13.8000   -8.5290    2.8750
  QMMM:    23       23      H      -10.7310  -10.1770    2.5720
  QMMM:    24       24      H      -12.1670   -8.8240    1.3210
  QMMM:    25       25      H      -14.6180   -9.2140    5.2340
  QMMM:    26       26      H       -9.4890  -11.2260    1.0030
  QMMM:    27       27      H       -8.9330  -13.3440   -0.1620
  QMMM:    28       28      H      -12.6300  -15.0730    1.2240
  QMMM:    29       29      H      -13.1780  -12.9530    2.3990
  QMMM:    30       30      H      -11.5320   -9.7890   -0.8190
  QMMM:    31       31      H      -12.4950  -10.7530   -2.9010
  QMMM:    32       32      H      -15.9950  -11.9870   -0.7010
  QMMM:    33       33      H      -14.0650  -10.8320    5.7290
  QMMM:    34       34      H      -15.4080  -10.6650    4.5730

--------------------------------------------------------------------------------
  RESULTS
--------------------------------------------------------------------------------

      iter         sqm energy              rms gradient
      ----    -------------------    -----------------------
xmin    10       72.2139 kcal/mol        0.6077 kcal/(mol*A)
xmin    20       72.0722 kcal/mol        0.0090 kcal/(mol*A)
  ... geometry converged !

 Heat of formation   =         72.07200474 kcal/mol  (        3.12527665 eV)
 Total SCF energy    =     -78435.07240209 kcal/mol  (    -3401.19996540 eV)
 Electronic energy   =    -510372.63145655 kcal/mol  (   -22131.41804157 eV)
 Core-core repulsion =     431937.55905446 kcal/mol  (    18730.21807617 eV)
 
    Atomic Charges for Step       1 :
  Atom    Element       Mulliken Charge
     1      Cl                -0.019
     2      Cl                -0.017
     3      N                 -0.311
     4      C                  0.037
     5      N                 -0.197
     6      C                 -0.021
     7      C                 -0.002
     8      C                 -0.169
     9      C                 -0.054
    10      C                 -0.114
    11      C                 -0.126
    12      C                 -0.057
    13      C                 -0.127
    14      C                 -0.092
    15      C                 -0.067
    16      C                 -0.118
    17      C                 -0.126
    18      C                 -0.056
    19      C                 -0.128
    20      C                 -0.087
    21      H                  0.149
    22      H                  0.200
    23      H                  0.111
    24      H                  0.083
    25      H                  0.090
    26      H                  0.133
    27      H                  0.146
    28      H                  0.147
    29      H                  0.144
    30      H                  0.133
    31      H                  0.147
    32      H                  0.148
    33      H                  0.114
    34      H                  0.105
 Total Mulliken Charge =      -0.000
 
 Final Structure

  QMMM: QM Region Cartesian Coordinates (*=link atom) 
  QMMM: QM_NO.   MM_NO.  ATOM         X         Y         Z
  QMMM:     1        1      Cl     -10.4990  -15.9915   -0.1934
  QMMM:     2        2      Cl     -14.6621  -11.8207   -3.6771
  QMMM:     3        3      N      -13.8720   -9.6241    2.6404
  QMMM:     4        4      C      -13.4017  -10.1876    3.8753
  QMMM:     5        5      N      -12.2742  -10.8596    3.8024
  QMMM:     6        6      C      -11.7482  -10.7504    2.4310
  QMMM:     7        7      C      -12.7933   -9.8220    1.6548
  QMMM:     8        8      C      -14.2322  -10.0272    5.1081
  QMMM:     9        9      C      -11.4763  -12.0666    1.7714
  QMMM:    10       10      C      -10.3290  -12.1967    0.9772
  QMMM:    11       11      C      -10.0242  -13.4083    0.3624
  QMMM:    12       12      C      -10.8681  -14.5073    0.5502
  QMMM:    13       13      C      -12.0103  -14.3942    1.3472
  QMMM:    14       14      C      -12.3099  -13.1753    1.9537
  QMMM:    15       15      C      -13.2751  -10.3579    0.3422
  QMMM:    16       16      C      -12.6527   -9.9086   -0.8307
  QMMM:    17       17      C      -13.0747  -10.3623   -2.0775
  QMMM:    18       18      C      -14.1369  -11.2683   -2.1573
  QMMM:    19       19      C      -14.7695  -11.7204   -0.9962
  QMMM:    20       20      C      -14.3360  -11.2648    0.2481
  QMMM:    21       21      H      -14.8358  -11.6298    1.1589
  QMMM:    22       22      H      -14.2317   -8.6985    2.6945
  QMMM:    23       23      H      -10.7733  -10.1833    2.4988
  QMMM:    24       24      H      -12.2725   -8.8380    1.4537
  QMMM:    25       25      H      -14.3770   -8.9416    5.3309
  QMMM:    26       26      H       -9.6568  -11.3368    0.8354
  QMMM:    27       27      H       -9.1235  -13.4985   -0.2630
  QMMM:    28       28      H      -12.6712  -15.2608    1.4986
  QMMM:    29       29      H      -13.2117  -13.0947    2.5800
  QMMM:    30       30      H      -11.8199   -9.1911   -0.7731
  QMMM:    31       31      H      -12.5757  -10.0076   -2.9917
  QMMM:    32       32      H      -15.6049  -12.4339   -1.0596
  QMMM:    33       33      H      -13.7392  -10.5130    5.9857
  QMMM:    34       34      H      -15.2324  -10.5013    4.9479

           --------- Calculation Completed ----------

