            --------------------------------------------------------
                             AMBER SQM VERSION 1.4
 
                                     By
              Ross C. Walker, Michael F. Crowley, Scott Brozell,
                Tim Giese, Andreas W. Goetz and David A. Case
 
            --------------------------------------------------------
 

--------------------------------------------------------------------------------
  QM CALCULATION INFO
--------------------------------------------------------------------------------

| QMMM: Citation for AMBER QMMM Run:
| QMMM: R.C. Walker, M.F. Crowley and D.A. Case, J. COMP. CHEM. 29:1019, 2008

QMMM: SINGLET STATE CALCULATION
QMMM: RHF CALCULATION, NO. OF DOUBLY OCCUPIED LEVELS = 73

| QMMM: *** Selected Hamiltonian *** 
| QMMM: AM1         

| QMMM: *** Parameter sets in use ***
| QMMM: Cl: M.J.S.DEWAR et al. THEOCHEM, 180, 1, (1988)
| QMMM: N : M.J.S.DEWAR et al. JACS, 107, 3902, (1985)
| QMMM: C : M.J.S.DEWAR et al. JACS, 107, 3902, (1985)
| QMMM: O : M.J.S.DEWAR et al. JACS, 107, 3902, (1985)
| QMMM: H : M.J.S.DEWAR et al. JACS, 107, 3902, (1985)

| QMMM: *** SCF convergence criteria ***
| QMMM: Energy change                :  0.1D-09 kcal/mol
| QMMM: Error matrix |FP-PF|         :  0.1D+00 au
| QMMM: Density matrix change        :  0.1D-09
| QMMM: Maximum number of SCF cycles :     1000

| QMMM: *** Diagonalization Routine Information ***
| QMMM: Pseudo diagonalizations are allowed.
| QMMM: Auto diagonalization routine selection is disabled.
| QMMM: Using internal diagonalization routine (diag_routine=1).

  QMMM: QM Region Cartesian Coordinates (*=link atom) 
  QMMM: QM_NO.   MM_NO.  ATOM         X         Y         Z
  QMMM:     1        1      Cl      10.4740   15.3250   33.3190
  QMMM:     2        2      Cl      14.8350   12.0590   30.2780
  QMMM:     3        3      N       11.7850    9.4000   33.4340
  QMMM:     4        4      C       11.7150    9.2850   34.8110
  QMMM:     5        5      O       10.8480    8.6190   35.3930
  QMMM:     6        6      C       12.8530   10.0930   35.4400
  QMMM:     7        7      C       14.7540   11.2410   34.1360
  QMMM:     8        8      C       15.1970   11.6650   32.8860
  QMMM:     9        9      C       14.4080   11.3690   31.7200
  QMMM:    10       10      C       13.2550   10.5380   31.8010
  QMMM:    11       11      C       13.5740   10.5250   34.2060
  QMMM:    12       12      C       12.9010   10.1710   33.0750
  QMMM:    13       13      C       12.3350   11.3450   36.2040
  QMMM:    14       14      C       11.2080   12.0430   35.4630
  QMMM:    15       15      C       11.4200   13.2570   34.7980
  QMMM:    16       16      C       10.3080   13.8660   34.1220
  QMMM:    17       17      C        9.0410   13.2460   34.1240
  QMMM:    18       18      C        8.8720   12.0570   34.7940
  QMMM:    19       19      C        9.9380   11.4520   35.4620
  QMMM:    20       20      C       13.7480    9.2100   36.3320
  QMMM:    21       21      C       12.9170    8.2860   37.2260
  QMMM:    22       22      C       13.8650    6.1530   37.9650
  QMMM:    23       23      N       13.8110    7.4840   38.0820
  QMMM:    24       24      O       14.7410    5.5120   38.5590
  QMMM:    25       25      C       14.8060    8.2080   38.8910
  QMMM:    26       26      C       15.6240    9.1570   38.0020
  QMMM:    27       27      C       14.6950   10.0620   37.1830
  QMMM:    28       28      C       12.8200    5.5170   37.0910
  QMMM:    29       29      H       12.5100    4.5670   37.5270
  QMMM:    30       30      H       11.1300    8.9900   32.7840
  QMMM:    31       31      H       15.3240   11.4680   35.0370
  QMMM:    32       32      H       16.1330   12.2160   32.7920
  QMMM:    33       33      H       12.6970   10.2180   30.9210
  QMMM:    34       34      H       13.1600   12.0460   36.3310
  QMMM:    35       35      H       12.4030   13.7280   34.7930
  QMMM:    36       36      H        8.2030   13.7050   33.5990
  QMMM:    37       37      H        7.8920   11.5800   34.8040
  QMMM:    38       38      H        9.7810   10.5100   35.9880
  QMMM:    39       39      H       14.3470    8.5870   35.6670
  QMMM:    40       40      H       12.3180    7.6210   36.6030
  QMMM:    41       41      H       15.4760    7.4910   39.3650
  QMMM:    42       42      H       16.2430    8.5700   37.3240
  QMMM:    43       43      H       14.1110   10.6860   37.8590
  QMMM:    44       44      H       13.2330    5.3440   36.0970
  QMMM:    45       45      H       11.9470   11.0130   37.1670
  QMMM:    46       46      H       12.2610    8.8880   37.8550
  QMMM:    47       47      H       14.2880    8.7920   39.6520
  QMMM:    48       48      H       16.2520    9.7810   38.6380
  QMMM:    49       49      H       15.2970   10.6910   36.5270
  QMMM:    50       50      H       11.9580    6.1800   37.0150

--------------------------------------------------------------------------------
  RESULTS
--------------------------------------------------------------------------------

      iter         sqm energy              rms gradient
      ----    -------------------    -----------------------
xmin    10      -32.7423 kcal/mol        0.5683 kcal/(mol*A)
xmin    20      -33.2284 kcal/mol        0.3364 kcal/(mol*A)
xmin    30      -33.4904 kcal/mol        0.0726 kcal/(mol*A)
xmin    40      -33.5001 kcal/mol        0.0013 kcal/(mol*A)
  ... geometry converged !

 Heat of formation   =        -33.50013326 kcal/mol  (       -1.45267479 eV)
 Total SCF energy    =    -113500.36277851 kcal/mol  (    -4921.74505783 eV)
 Electronic energy   =    -913683.42185089 kcal/mol  (   -39620.28627774 eV)
 Core-core repulsion =     800183.05907237 kcal/mol  (    34698.54121991 eV)
 
    Atomic Charges for Step       1 :
  Atom    Element       Mulliken Charge
     1      Cl                -0.016
     2      Cl                -0.006
     3      N                 -0.322
     4      C                  0.307
     5      O                 -0.338
     6      C                  0.001
     7      C                 -0.068
     8      C                 -0.154
     9      C                 -0.024
    10      C                 -0.161
    11      C                 -0.128
    12      C                  0.075
    13      C                 -0.109
    14      C                 -0.073
    15      C                 -0.114
    16      C                 -0.060
    17      C                 -0.121
    18      C                 -0.119
    19      C                 -0.128
    20      C                 -0.117
    21      C                 -0.041
    22      C                  0.296
    23      N                 -0.315
    24      O                 -0.366
    25      C                 -0.042
    26      C                 -0.183
    27      C                 -0.156
    28      C                 -0.239
    29      H                  0.114
    30      H                  0.256
    31      H                  0.143
    32      H                  0.153
    33      H                  0.157
    34      H                  0.102
    35      H                  0.144
    36      H                  0.149
    37      H                  0.140
    38      H                  0.150
    39      H                  0.106
    40      H                  0.124
    41      H                  0.129
    42      H                  0.093
    43      H                  0.080
    44      H                  0.104
    45      H                  0.113
    46      H                  0.090
    47      H                  0.083
    48      H                  0.093
    49      H                  0.091
    50      H                  0.106
 Total Mulliken Charge =      -0.000
 
 Final Structure

  QMMM: QM Region Cartesian Coordinates (*=link atom) 
  QMMM: QM_NO.   MM_NO.  ATOM         X         Y         Z
  QMMM:     1        1      Cl      10.9895   15.6065   34.1801
  QMMM:     2        2      Cl      15.0872   11.9742   30.3000
  QMMM:     3        3      N       12.0788    8.9919   33.3003
  QMMM:     4        4      C       11.7870    8.9676   34.6736
  QMMM:     5        5      O       10.9274    8.2351   35.1776
  QMMM:     6        6      C       12.7352    9.9700   35.4145
  QMMM:     7        7      C       14.3327   11.6820   34.2014
  QMMM:     8        8      C       14.8451   12.0976   32.9641
  QMMM:     9        9      C       14.4477   11.4606   31.7892
  QMMM:    10       10      C       13.5220   10.4048   31.7957
  QMMM:    11       11      C       13.4412   10.6291   34.2487
  QMMM:    12       12      C       13.0190   10.0005   33.0296
  QMMM:    13       13      C       11.9127   10.9448   36.2496
  QMMM:    14       14      C       11.0134   11.8410   35.4696
  QMMM:    15       15      C       11.3938   13.1593   35.1979
  QMMM:    16       16      C       10.5203   14.0049   34.5084
  QMMM:    17       17      C        9.2671   13.5498   34.0883
  QMMM:    18       18      C        8.8930   12.2354   34.3646
  QMMM:    19       19      C        9.7566   11.3850   35.0516
  QMMM:    20       20      C       13.7019    9.1321   36.2649
  QMMM:    21       21      C       12.9851    8.4962   37.4769
  QMMM:    22       22      C       13.7942    6.2482   38.1566
  QMMM:    23       23      N       13.8452    7.6410   38.2588
  QMMM:    24       24      O       14.7190    5.5538   38.6251
  QMMM:    25       25      C       15.0669    8.2850   38.6996
  QMMM:    26       26      C       15.8206    9.0104   37.5836
  QMMM:    27       27      C       14.9092    9.9084   36.7705
  QMMM:    28       28      C       12.5753    5.5925   37.5581
  QMMM:    29       29      H       12.6912    4.4842   37.6448
  QMMM:    30       30      H       11.5512    8.5324   32.6032
  QMMM:    31       31      H       14.6388   12.2030   35.1217
  QMMM:    32       32      H       15.5602   12.9333   32.9277
  QMMM:    33       33      H       13.2083    9.9234   30.8591
  QMMM:    34       34      H       12.6245   11.5644   36.8597
  QMMM:    35       35      H       12.3801   13.5257   35.5220
  QMMM:    36       36      H        8.5828   14.2203   33.5474
  QMMM:    37       37      H        7.9072   11.8698   34.0397
  QMMM:    38       38      H        9.4560   10.3466   35.2685
  QMMM:    39       39      H       14.0829    8.3038   35.5994
  QMMM:    40       40      H       12.0747    7.9374   37.1233
  QMMM:    41       41      H       15.7456    7.5173   39.1687
  QMMM:    42       42      H       16.3063    8.2590   36.9077
  QMMM:    43       43      H       14.5695   10.7722   37.3996
  QMMM:    44       44      H       12.4718    5.8627   36.4792
  QMMM:    45       45      H       11.2765   10.3456   36.9598
  QMMM:    46       46      H       12.6424    9.3247   38.1639
  QMMM:    47       47      H       14.7800    9.0348   39.4920
  QMMM:    48       48      H       16.6346    9.6240   38.0487
  QMMM:    49       49      H       15.4882   10.3213   35.9035
  QMMM:    50       50      H       11.6516    5.9033   38.1035

           --------- Calculation Completed ----------

