            --------------------------------------------------------
                             AMBER SQM VERSION 1.4
 
                                     By
              Ross C. Walker, Michael F. Crowley, Scott Brozell,
                Tim Giese, Andreas W. Goetz and David A. Case
 
            --------------------------------------------------------
 

--------------------------------------------------------------------------------
  QM CALCULATION INFO
--------------------------------------------------------------------------------

| QMMM: Citation for AMBER QMMM Run:
| QMMM: R.C. Walker, M.F. Crowley and D.A. Case, J. COMP. CHEM. 29:1019, 2008

QMMM: SINGLET STATE CALCULATION
QMMM: RHF CALCULATION, NO. OF DOUBLY OCCUPIED LEVELS =104

| QMMM: *** Selected Hamiltonian *** 
| QMMM: AM1         

| QMMM: *** Parameter sets in use ***
| QMMM: Cl: M.J.S.DEWAR et al. THEOCHEM, 180, 1, (1988)
| QMMM: N : M.J.S.DEWAR et al. JACS, 107, 3902, (1985)
| QMMM: C : M.J.S.DEWAR et al. JACS, 107, 3902, (1985)
| QMMM: O : M.J.S.DEWAR et al. JACS, 107, 3902, (1985)
| QMMM: F : M.J.S.DEWAR et al. THEOCHEM, 180, 1, (1988)
| QMMM: H : M.J.S.DEWAR et al. JACS, 107, 3902, (1985)

| QMMM: *** SCF convergence criteria ***
| QMMM: Energy change                :  0.1D-09 kcal/mol
| QMMM: Error matrix |FP-PF|         :  0.1D+00 au
| QMMM: Density matrix change        :  0.1D-09
| QMMM: Maximum number of SCF cycles :     1000

| QMMM: *** Diagonalization Routine Information ***
| QMMM: Pseudo diagonalizations are allowed.
| QMMM: Auto diagonalization routine selection is disabled.
| QMMM: Using internal diagonalization routine (diag_routine=1).

  QMMM: QM Region Cartesian Coordinates (*=link atom) 
  QMMM: QM_NO.   MM_NO.  ATOM         X         Y         Z
  QMMM:     1        1      Cl     -14.1980   13.0930   -4.3660
  QMMM:     2        2      Cl      -9.3710   16.9260   -1.1060
  QMMM:     3        3      N      -11.0550   16.1890   -7.0660
  QMMM:     4        4      C      -10.8610   17.5860   -7.1290
  QMMM:     5        5      O       -9.9720   18.1210   -7.7990
  QMMM:     6        6      C      -11.9150   18.2710   -6.2580
  QMMM:     7        7      C      -13.6240   17.0680   -4.7240
  QMMM:     8        8      C      -14.1370   15.8140   -4.3250
  QMMM:     9        9      C      -13.5920   14.6220   -4.8820
  QMMM:    10       10      C      -12.5700   14.6740   -5.8260
  QMMM:    11       11      C      -12.6070   17.0740   -5.6520
  QMMM:    12       12      C      -12.1140   15.9180   -6.1530
  QMMM:    13       13      C      -12.8130   19.1320   -7.1200
  QMMM:    14       14      N      -12.0070   20.3630   -7.3510
  QMMM:    15       15      C      -11.0980   20.5270   -6.1510
  QMMM:    16       16      C      -11.3300   19.2880   -5.2770
  QMMM:    17       17      C      -13.1900   18.4480   -8.4430
  QMMM:    18       18      C      -14.5360   18.9810   -8.9790
  QMMM:    19       19      C      -14.7640   18.4580  -10.4020
  QMMM:    20       20      C      -15.6690   18.4900   -8.0730
  QMMM:    21       21      C      -14.5260   20.5120   -8.9950
  QMMM:    22       22      C      -10.0830   18.8260   -4.5560
  QMMM:    23       23      C      -10.1990   18.1890   -3.3500
  QMMM:    24       24      C       -9.1220   17.7630   -2.6160
  QMMM:    25       25      C       -7.8370   17.9980   -3.0890
  QMMM:    26       26      C       -7.6740   18.6450   -4.3290
  QMMM:    27       27      C       -8.8040   19.0600   -5.0700
  QMMM:    28       28      C      -11.4600   21.7870   -5.4380
  QMMM:    29       29      O      -10.9930   22.1210   -4.3480
  QMMM:    30       30      N      -12.4050   22.5830   -6.1210
  QMMM:    31       31      C      -12.8330   23.9080   -5.7570
  QMMM:    32       32      C      -13.6690   24.5610   -6.6520
  QMMM:    33       33      C      -14.0610   25.8580   -6.3930
  QMMM:    34       34      C      -13.6210   26.5060   -5.2370
  QMMM:    35       35      C      -12.8070   25.8130   -4.3130
  QMMM:    36       36      C      -12.4110   24.5030   -4.5760
  QMMM:    37       37      C      -13.9990   27.9010   -4.9970
  QMMM:    38       38      N      -14.7180   28.5500   -5.9840
  QMMM:    39       39      O      -13.7080   28.5230   -3.9640
  QMMM:    40       40      F      -11.4330   17.9810   -2.8510
  QMMM:    41       41      H      -14.9650   28.0620   -6.8330
  QMMM:    42       42      H      -10.5300   15.4970   -7.5820
  QMMM:    43       43      H      -14.0190   17.9970   -4.3120
  QMMM:    44       44      H      -14.9450   15.7590   -3.5950
  QMMM:    45       45      H      -12.1570   13.7720   -6.2780
  QMMM:    46       46      H      -13.7700   19.3340   -6.6390
  QMMM:    47       47      H      -12.6150   21.1650   -7.4390
  QMMM:    48       48      H      -10.0450   20.6030   -6.4210
  QMMM:    49       49      H      -12.0050   19.4730   -4.4410
  QMMM:    50       50      H      -13.2720   17.3740   -8.2790
  QMMM:    51       51      H      -15.1220   17.4290  -10.3590
  QMMM:    52       52      H      -15.8790   19.2430   -7.3130
  QMMM:    53       53      H      -14.6100   20.8870   -7.9750
  QMMM:    54       54      H       -6.9680   17.6860   -2.5090
  QMMM:    55       55      H       -6.6720   18.8270   -4.7190
  QMMM:    56       56      H       -8.6800   19.5570   -6.0320
  QMMM:    57       57      H      -12.8230   22.1820   -6.9490
  QMMM:    58       58      H      -14.0130   24.0530   -7.5530
  QMMM:    59       59      H      -14.7160   26.3780   -7.0920
  QMMM:    60       60      H      -12.4880   26.3040   -3.3930
  QMMM:    61       61      H      -11.7840   23.9580   -3.8700
  QMMM:    62       62      H      -14.9970   29.5120   -5.8560
  QMMM:    63       63      H      -12.4150   18.6640   -9.1780
  QMMM:    64       64      H      -13.8270   18.4940  -10.9570
  QMMM:    65       65      H      -15.3720   17.5590   -7.5900
  QMMM:    66       66      H      -15.3660   20.8750   -9.5870
  QMMM:    67       67      H      -13.5930   20.8640   -9.4350
  QMMM:    68       68      H      -15.5060   19.0800  -10.9020
  QMMM:    69       69      H      -16.5640   18.3190   -8.6720

--------------------------------------------------------------------------------
  RESULTS
--------------------------------------------------------------------------------

      iter         sqm energy              rms gradient
      ----    -------------------    -----------------------
xmin    10      -71.4663 kcal/mol        1.5552 kcal/(mol*A)
xmin    20      -75.3767 kcal/mol        0.3591 kcal/(mol*A)
xmin    30      -76.5116 kcal/mol        0.2239 kcal/(mol*A)
xmin    40      -76.7985 kcal/mol        0.1906 kcal/(mol*A)
xmin    50      -76.8393 kcal/mol        0.0165 kcal/(mol*A)
xmin    60      -76.8402 kcal/mol        0.0010 kcal/(mol*A)
  ... geometry converged !

 Heat of formation   =        -76.84017421 kcal/mol  (       -3.33203999 eV)
 Total SCF energy    =    -167455.86513219 kcal/mol  (    -7261.43120993 eV)
 Electronic energy   =   -1578784.11756607 kcal/mol  (   -68461.21666736 eV)
 Core-core repulsion =    1411328.25243388 kcal/mol  (    61199.78545743 eV)
 
    Atomic Charges for Step       1 :
  Atom    Element       Mulliken Charge
     1      Cl                -0.003
     2      Cl                 0.012
     3      N                 -0.335
     4      C                  0.330
     5      O                 -0.309
     6      C                 -0.022
     7      C                 -0.065
     8      C                 -0.157
     9      C                 -0.018
    10      C                 -0.165
    11      C                 -0.146
    12      C                  0.090
    13      C                  0.001
    14      N                 -0.293
    15      C                 -0.042
    16      C                 -0.046
    17      C                 -0.151
    18      C                 -0.054
    19      C                 -0.206
    20      C                 -0.207
    21      C                 -0.206
    22      C                 -0.118
    23      C                  0.111
    24      C                 -0.105
    25      C                 -0.093
    26      C                 -0.135
    27      C                 -0.082
    28      C                  0.277
    29      O                 -0.320
    30      N                 -0.330
    31      C                  0.096
    32      C                 -0.200
    33      C                 -0.074
    34      C                 -0.150
    35      C                 -0.049
    36      C                 -0.164
    37      C                  0.347
    38      N                 -0.435
    39      O                 -0.370
    40      F                 -0.091
    41      H                  0.219
    42      H                  0.260
    43      H                  0.133
    44      H                  0.154
    45      H                  0.159
    46      H                  0.066
    47      H                  0.183
    48      H                  0.158
    49      H                  0.122
    50      H                  0.088
    51      H                  0.075
    52      H                  0.065
    53      H                  0.060
    54      H                  0.153
    55      H                  0.148
    56      H                  0.171
    57      H                  0.226
    58      H                  0.129
    59      H                  0.135
    60      H                  0.162
    61      H                  0.180
    62      H                  0.230
    63      H                  0.122
    64      H                  0.081
    65      H                  0.078
    66      H                  0.078
    67      H                  0.088
    68      H                  0.076
    69      H                  0.078
 Total Mulliken Charge =      -0.000
 
 Final Structure

  QMMM: QM Region Cartesian Coordinates (*=link atom) 
  QMMM: QM_NO.   MM_NO.  ATOM         X         Y         Z
  QMMM:     1        1      Cl     -16.0406   15.7630   -2.8606
  QMMM:     2        2      Cl      -8.2870   18.1235   -1.3336
  QMMM:     3        3      N      -11.9325   16.0394   -6.0241
  QMMM:     4        4      C      -11.2729   17.0951   -6.6872
  QMMM:     5        5      O      -10.3350   16.9100   -7.4668
  QMMM:     6        6      C      -11.9620   18.4314   -6.2974
  QMMM:     7        7      C      -14.0720   18.6643   -4.7497
  QMMM:     8        8      C      -14.9963   17.9707   -3.9563
  QMMM:     9        9      C      -14.9104   16.5839   -3.8289
  QMMM:    10       10      C      -13.9142   15.8377   -4.4785
  QMMM:    11       11      C      -13.0820   17.9611   -5.4044
  QMMM:    12       12      C      -13.0018   16.5351   -5.2674
  QMMM:    13       13      C      -12.4775   19.1928   -7.5579
  QMMM:    14       14      N      -11.4562   20.2013   -7.8597
  QMMM:    15       15      C      -10.7420   20.5427   -6.6406
  QMMM:    16       16      C      -11.0312   19.4396   -5.5802
  QMMM:    17       17      C      -12.7605   18.2579   -8.7353
  QMMM:    18       18      C      -13.7995   18.7655   -9.7367
  QMMM:    19       19      C      -13.7771   17.8200  -10.9361
  QMMM:    20       20      C      -15.1940   18.7379   -9.1266
  QMMM:    21       21      C      -13.4883   20.1715  -10.2215
  QMMM:    22       22      C       -9.7821   18.8797   -4.9905
  QMMM:    23       23      C       -9.6605   18.7697   -3.5825
  QMMM:    24       24      C       -8.4648   18.2750   -3.0151
  QMMM:    25       25      C       -7.4020   17.9038   -3.8426
  QMMM:    26       26      C       -7.5237   18.0161   -5.2241
  QMMM:    27       27      C       -8.7012   18.4988   -5.7909
  QMMM:    28       28      C      -11.0522   21.9403   -6.0527
  QMMM:    29       29      O      -10.1224   22.7235   -5.8079
  QMMM:    30       30      N      -12.3926   22.2510   -5.8596
  QMMM:    31       31      C      -12.9298   23.4407   -5.3449
  QMMM:    32       32      C      -14.3307   23.5080   -5.1350
  QMMM:    33       33      C      -14.9184   24.6705   -4.6537
  QMMM:    34       34      C      -14.1373   25.7927   -4.3649
  QMMM:    35       35      C      -12.7519   25.7281   -4.5494
  QMMM:    36       36      C      -12.1476   24.5750   -5.0380
  QMMM:    37       37      C      -14.7195   27.0553   -3.8351
  QMMM:    38       38      N      -15.9803   27.4183   -4.2476
  QMMM:    39       39      O      -14.0960   27.7874   -3.0381
  QMMM:    40       40      F      -10.6890   19.1436   -2.7858
  QMMM:    41       41      H      -16.4531   26.9114   -4.9487
  QMMM:    42       42      H      -11.6673   15.0898   -6.0634
  QMMM:    43       43      H      -14.1420   19.7587   -4.8373
  QMMM:    44       44      H      -15.7860   18.5282   -3.4306
  QMMM:    45       45      H      -13.8599   14.7463   -4.3628
  QMMM:    46       46      H      -13.4564   19.6830   -7.2594
  QMMM:    47       47      H      -11.8366   20.9947   -8.3352
  QMMM:    48       48      H       -9.6410   20.5727   -6.9004
  QMMM:    49       49      H      -11.6353   19.8928   -4.7400
  QMMM:    50       50      H      -13.1415   17.2867   -8.3180
  QMMM:    51       51      H      -13.9629   16.7704  -10.6053
  QMMM:    52       52      H      -15.2660   19.4360   -8.2591
  QMMM:    53       53      H      -13.6986   20.9215   -9.4216
  QMMM:    54       54      H       -6.4690   17.5233   -3.3974
  QMMM:    55       55      H       -6.6862   17.7206   -5.8743
  QMMM:    56       56      H       -8.7922   18.5589   -6.8904
  QMMM:    57       57      H      -13.0510   21.5163   -6.0018
  QMMM:    58       58      H      -14.9701   22.6378   -5.3482
  QMMM:    59       59      H      -16.0066   24.6843   -4.4863
  QMMM:    60       60      H      -12.1340   26.6053   -4.2919
  QMMM:    61       61      H      -11.0529   24.5600   -5.1730
  QMMM:    62       62      H      -16.3622   28.2760   -3.9356
  QMMM:    63       63      H      -11.8013   18.0377   -9.2780
  QMMM:    64       64      H      -12.7852   17.8653  -11.4459
  QMMM:    65       65      H      -15.4459   17.7081   -8.7768
  QMMM:    66       66      H      -14.1296   20.4220  -11.1017
  QMMM:    67       67      H      -12.4184   20.2512  -10.5301
  QMMM:    68       68      H      -14.5684   18.1082  -11.6687
  QMMM:    69       69      H      -15.9493   19.0490   -9.8883

           --------- Calculation Completed ----------

