            --------------------------------------------------------
                             AMBER SQM VERSION 1.4
 
                                     By
              Ross C. Walker, Michael F. Crowley, Scott Brozell,
                Tim Giese, Andreas W. Goetz and David A. Case
 
            --------------------------------------------------------
 

--------------------------------------------------------------------------------
  QM CALCULATION INFO
--------------------------------------------------------------------------------

| QMMM: Citation for AMBER QMMM Run:
| QMMM: R.C. Walker, M.F. Crowley and D.A. Case, J. COMP. CHEM. 29:1019, 2008

QMMM: SINGLET STATE CALCULATION
QMMM: RHF CALCULATION, NO. OF DOUBLY OCCUPIED LEVELS = 89

| QMMM: *** Selected Hamiltonian *** 
| QMMM: AM1         

| QMMM: *** Parameter sets in use ***
| QMMM: Cl: M.J.S.DEWAR et al. THEOCHEM, 180, 1, (1988)
| QMMM: N : M.J.S.DEWAR et al. JACS, 107, 3902, (1985)
| QMMM: C : M.J.S.DEWAR et al. JACS, 107, 3902, (1985)
| QMMM: O : M.J.S.DEWAR et al. JACS, 107, 3902, (1985)
| QMMM: H : M.J.S.DEWAR et al. JACS, 107, 3902, (1985)

| QMMM: *** SCF convergence criteria ***
| QMMM: Energy change                :  0.1D-09 kcal/mol
| QMMM: Error matrix |FP-PF|         :  0.1D+00 au
| QMMM: Density matrix change        :  0.1D-09
| QMMM: Maximum number of SCF cycles :     1000

| QMMM: *** Diagonalization Routine Information ***
| QMMM: Pseudo diagonalizations are allowed.
| QMMM: Auto diagonalization routine selection is disabled.
| QMMM: Using internal diagonalization routine (diag_routine=1).

  QMMM: QM Region Cartesian Coordinates (*=link atom) 
  QMMM: QM_NO.   MM_NO.  ATOM         X         Y         Z
  QMMM:     1        1      Cl      -3.3300   -2.9320   -0.8420
  QMMM:     2        2      Cl      -8.8080    0.8030   -0.3710
  QMMM:     3        3      N       -3.6590    5.0320   -0.0450
  QMMM:     4        4      C       -2.9390    4.6290    1.0710
  QMMM:     5        5      N       -2.3950    3.4760    0.9400
  QMMM:     6        6      C       -2.4760    3.0490   -0.4440
  QMMM:     7        7      C       -3.6580    3.9110   -0.9980
  QMMM:     8        8      C       -2.8130    5.4880    2.2450
  QMMM:     9        9      C       -1.6540    5.4150    3.0170
  QMMM:    10       10      C       -1.4880    6.2330    4.1250
  QMMM:    11       11      C       -2.4820    7.1360    4.4860
  QMMM:    12       12      C       -3.6660    7.2240    3.7220
  QMMM:    13       13      C       -3.8120    6.3860    2.6090
  QMMM:    14       14      O       -4.9660    6.4250    1.8320
  QMMM:    15       15      C       -5.9840    7.2990    2.2980
  QMMM:    16       16      C       -7.1880    7.2400    1.3440
  QMMM:    17       17      C       -2.2720    7.9980    5.7110
  QMMM:    18       18      C       -3.4670    8.9340    5.9050
  QMMM:    19       19      C       -2.1300    7.0920    6.9410
  QMMM:    20       20      C       -0.9920    8.8310    5.5510
  QMMM:    21       21      C       -2.6900    1.5520   -0.5410
  QMMM:    22       22      C       -2.0930    0.8250   -1.5810
  QMMM:    23       23      C       -2.2740   -0.5550   -1.6660
  QMMM:    24       24      C       -3.0610   -1.2050   -0.7160
  QMMM:    25       25      C       -3.6470   -0.4900    0.3280
  QMMM:    26       26      C       -3.4610    0.8860    0.4140
  QMMM:    27       27      C       -1.1680    3.4380   -1.1490
  QMMM:    28       28      C       -4.9880    3.1850   -0.8960
  QMMM:    29       29      C       -5.3940    2.2870   -1.8890
  QMMM:    30       30      C       -6.5820    1.5720   -1.7410
  QMMM:    31       31      C       -7.3620    1.7580   -0.5970
  QMMM:    32       32      C       -6.9910    2.6890    0.3690
  QMMM:    33       33      C       -5.8050    3.4010    0.2150
  QMMM:    34       34      C       -3.3860    4.3980   -2.4300
  QMMM:    35       35      H       -3.5910    5.4670   -2.4960
  QMMM:    36       36      H       -3.2240    5.8420   -0.4630
  QMMM:    37       37      H       -0.8700    4.7080    2.7470
  QMMM:    38       38      H       -0.5740    6.1680    4.7150
  QMMM:    39       39      H       -4.4510    7.9300    3.9930
  QMMM:    40       40      H       -5.5990    8.3180    2.3360
  QMMM:    41       41      H       -7.5380    6.2110    1.2630
  QMMM:    42       42      H       -3.7370    9.3830    4.9490
  QMMM:    43       43      H       -1.6970    6.1380    6.6420
  QMMM:    44       44      H       -0.7010    9.2410    6.5180
  QMMM:    45       45      H       -1.4860    1.3400   -2.3250
  QMMM:    46       46      H       -1.8040   -1.1220   -2.4690
  QMMM:    47       47      H       -4.2490   -1.0080    1.0750
  QMMM:    48       48      H       -3.9190    1.4460    1.2290
  QMMM:    49       49      H       -0.9130    4.4680   -0.9010
  QMMM:    50       50      H       -4.7810    2.1460   -2.7790
  QMMM:    51       51      H       -6.9000    0.8720   -2.5130
  QMMM:    52       52      H       -7.6250    2.8590    1.2400
  QMMM:    53       53      H       -5.5120    4.1330    0.9680
  QMMM:    54       54      H       -4.0300    3.8600   -3.1260
  QMMM:    55       55      H       -6.2970    6.9920    3.2960
  QMMM:    56       56      H       -6.8910    7.6020    0.3600
  QMMM:    57       57      H       -3.2030    9.7190    6.6140
  QMMM:    58       58      H       -3.1120    6.9230    7.3840
  QMMM:    59       59      H       -1.1730    9.6460    4.8500
  QMMM:    60       60      H       -1.2940    3.3440   -2.2280
  QMMM:    61       61      H       -2.3420    4.2120   -2.6840
  QMMM:    62       62      H       -7.9910    7.8660    1.7340
  QMMM:    63       63      H       -4.3140    8.3660    6.2910
  QMMM:    64       64      H       -1.4800    7.5720    7.6720
  QMMM:    65       65      H       -0.1910    8.1970    5.1710
  QMMM:    66       66      H       -0.3670    2.7760   -0.8190

--------------------------------------------------------------------------------
  RESULTS
--------------------------------------------------------------------------------

      iter         sqm energy              rms gradient
      ----    -------------------    -----------------------
xmin    10       53.5344 kcal/mol        0.7789 kcal/(mol*A)
xmin    20       50.0878 kcal/mol        1.3402 kcal/(mol*A)
xmin    30       46.2153 kcal/mol        0.6222 kcal/(mol*A)
xmin    40       45.3505 kcal/mol        0.0841 kcal/(mol*A)
xmin    50       45.2349 kcal/mol        0.0132 kcal/(mol*A)
xmin    60       45.2344 kcal/mol        0.0004 kcal/(mol*A)
  ... geometry converged !

 Heat of formation   =         45.23438523 kcal/mol  (        1.96151014 eV)
 Total SCF energy    =    -129920.80943780 kcal/mol  (    -5633.78905675 eV)
 Electronic energy   =   -1213626.09456545 kcal/mol  (   -52626.77657367 eV)
 Core-core repulsion =    1083705.28512765 kcal/mol  (    46992.98751692 eV)
 
    Atomic Charges for Step       1 :
  Atom    Element       Mulliken Charge
     1      Cl                -0.023
     2      Cl                -0.017
     3      N                 -0.281
     4      C                  0.099
     5      N                 -0.208
     6      C                  0.043
     7      C                  0.049
     8      C                 -0.075
     9      C                 -0.054
    10      C                 -0.171
    11      C                 -0.005
    12      C                 -0.207
    13      C                  0.106
    14      O                 -0.234
    15      C                 -0.019
    16      C                 -0.224
    17      C                 -0.021
    18      C                 -0.206
    19      C                 -0.204
    20      C                 -0.204
    21      C                 -0.056
    22      C                 -0.117
    23      C                 -0.127
    24      C                 -0.060
    25      C                 -0.131
    26      C                 -0.096
    27      C                 -0.198
    28      C                 -0.088
    29      C                 -0.111
    30      C                 -0.128
    31      C                 -0.057
    32      C                 -0.127
    33      C                 -0.113
    34      C                 -0.196
    35      H                  0.082
    36      H                  0.211
    37      H                  0.153
    38      H                  0.139
    39      H                  0.143
    40      H                  0.082
    41      H                  0.096
    42      H                  0.076
    43      H                  0.078
    44      H                  0.077
    45      H                  0.132
    46      H                  0.144
    47      H                  0.145
    48      H                  0.157
    49      H                  0.086
    50      H                  0.138
    51      H                  0.146
    52      H                  0.146
    53      H                  0.152
    54      H                  0.076
    55      H                  0.082
    56      H                  0.089
    57      H                  0.079
    58      H                  0.081
    59      H                  0.080
    60      H                  0.077
    61      H                  0.097
    62      H                  0.090
    63      H                  0.076
    64      H                  0.077
    65      H                  0.078
    66      H                  0.094
 Total Mulliken Charge =      -0.000
 
 Final Structure

  QMMM: QM Region Cartesian Coordinates (*=link atom) 
  QMMM: QM_NO.   MM_NO.  ATOM         X         Y         Z
  QMMM:     1        1      Cl      -4.3166   -2.7379   -0.2529
  QMMM:     2        2      Cl      -8.9406    1.8398   -1.4078
  QMMM:     3        3      N       -3.2616    5.1586   -0.1757
  QMMM:     4        4      C       -2.6395    4.7126    1.0341
  QMMM:     5        5      N       -2.0755    3.5253    0.9920
  QMMM:     6        6      C       -2.3017    2.9290   -0.3487
  QMMM:     7        7      C       -3.3157    3.9758   -1.0804
  QMMM:     8        8      C       -2.5905    5.6013    2.2089
  QMMM:     9        9      C       -1.3710    5.8172    2.8570
  QMMM:    10       10      C       -1.2955    6.6448    3.9727
  QMMM:    11       11      C       -2.4406    7.2756    4.4797
  QMMM:    12       12      C       -3.6680    7.0603    3.8458
  QMMM:    13       13      C       -3.7452    6.2325    2.7172
  QMMM:    14       14      O       -4.9207    5.9644    2.0438
  QMMM:    15       15      C       -6.1090    6.5919    2.5477
  QMMM:    16       16      C       -7.2181    6.1918    1.6019
  QMMM:    17       17      C       -2.3114    8.1617    5.6919
  QMMM:    18       18      C       -3.6405    8.7731    6.1172
  QMMM:    19       19      C       -1.7697    7.3407    6.8598
  QMMM:    20       20      C       -1.3418    9.2997    5.3820
  QMMM:    21       21      C       -2.8577    1.5249   -0.2873
  QMMM:    22       22      C       -3.1380    0.8521   -1.4864
  QMMM:    23       23      C       -3.5900   -0.4640   -1.4837
  QMMM:    24       24      C       -3.7667   -1.1282   -0.2661
  QMMM:    25       25      C       -3.4922   -0.4750    0.9367
  QMMM:    26       26      C       -3.0377    0.8440    0.9225
  QMMM:    27       27      C       -0.9595    2.8504   -1.0944
  QMMM:    28       28      C       -4.7204    3.4116   -1.1756
  QMMM:    29       29      C       -5.2671    3.0021   -2.3983
  QMMM:    30       30      C       -6.5707    2.5142   -2.4758
  QMMM:    31       31      C       -7.3490    2.4301   -1.3193
  QMMM:    32       32      C       -6.8212    2.8316   -0.0891
  QMMM:    33       33      C       -5.5187    3.3199   -0.0247
  QMMM:    34       34      C       -2.8079    4.3841   -2.4635
  QMMM:    35       35      H       -3.5567    5.0451   -2.9650
  QMMM:    36       36      H       -4.1332    5.6308   -0.0506
  QMMM:    37       37      H       -0.4628    5.3214    2.4778
  QMMM:    38       38      H       -0.3214    6.7993    4.4609
  QMMM:    39       39      H       -4.5798    7.5372    4.2316
  QMMM:    40       40      H       -5.9701    7.7047    2.5613
  QMMM:    41       41      H       -7.2036    5.0873    1.4260
  QMMM:    42       42      H       -4.0642    9.4043    5.2999
  QMMM:    43       43      H       -0.7657    6.9201    6.6142
  QMMM:    44       44      H       -1.2398    9.9639    6.2737
  QMMM:    45       45      H       -3.0136    1.3739   -2.4482
  QMMM:    46       46      H       -3.8067   -0.9750   -2.4334
  QMMM:    47       47      H       -3.6292   -0.9956    1.8965
  QMMM:    48       48      H       -2.8180    1.3298    1.8863
  QMMM:    49       49      H       -0.4898    3.8585   -1.1832
  QMMM:    50       50      H       -4.6786    3.0512   -3.3271
  QMMM:    51       51      H       -6.9805    2.1967   -3.4466
  QMMM:    52       52      H       -7.4267    2.7596    0.8271
  QMMM:    53       53      H       -5.1231    3.6308    0.9576
  QMMM:    54       54      H       -2.6432    3.4792   -3.0954
  QMMM:    55       55      H       -6.3052    6.2210    3.5881
  QMMM:    56       56      H       -7.0963    6.7022    0.6169
  QMMM:    57       57      H       -3.4848    9.4203    7.0146
  QMMM:    58       58      H       -2.4628    6.4981    7.0944
  QMMM:    59       59      H       -1.7188    9.9062    4.5245
  QMMM:    60       60      H       -1.1048    2.4230   -2.1140
  QMMM:    61       61      H       -1.8460    4.9471   -2.3913
  QMMM:    62       62      H       -8.1999    6.4821    2.0453
  QMMM:    63       63      H       -4.3744    7.9757    6.3843
  QMMM:    64       64      H       -1.6723    7.9876    7.7646
  QMMM:    65       65      H       -0.3336    8.8990    5.1208
  QMMM:    66       66      H       -0.2611    2.1830   -0.5317

           --------- Calculation Completed ----------

